log started: Sun Aug 26 11:56:47 2012

Log file: ./leap.log
> #
> # ----- leaprc for loading the ff99SB (Hornak & Simmerling) force field
> # -----  this file is updated for PDB format 3
> #
> #	load atom type hybridizations
> #
> addAtomTypes {
> 	{ "H"   "H" "sp3" }
> 	{ "HO"  "H" "sp3" }
> 	{ "HS"  "H" "sp3" }
> 	{ "H1"  "H" "sp3" }
> 	{ "H2"  "H" "sp3" }
> 	{ "H3"  "H" "sp3" }
> 	{ "H4"  "H" "sp3" }
> 	{ "H5"  "H" "sp3" }
> 	{ "HW"  "H" "sp3" }
> 	{ "HC"  "H" "sp3" }
> 	{ "HA"  "H" "sp3" }
> 	{ "HP"  "H" "sp3" }
> 	{ "OH"  "O" "sp3" }
> 	{ "OS"  "O" "sp3" }
> 	{ "O"   "O" "sp2" }
> 	{ "O2"  "O" "sp2" }
> 	{ "OW"  "O" "sp3" }
> 	{ "CT"  "C" "sp3" }
> 	{ "CH"  "C" "sp3" }
> 	{ "C2"  "C" "sp3" }
> 	{ "C3"  "C" "sp3" }
> 	{ "C"   "C" "sp2" }
> 	{ "C*"  "C" "sp2" }
> 	{ "CA"  "C" "sp2" }
> 	{ "CB"  "C" "sp2" }
> 	{ "CC"  "C" "sp2" }
> 	{ "CN"  "C" "sp2" }
> 	{ "CM"  "C" "sp2" }
> 	{ "CK"  "C" "sp2" }
> 	{ "CQ"  "C" "sp2" }
> 	{ "CD"  "C" "sp2" }
> 	{ "CE"  "C" "sp2" }
> 	{ "CF"  "C" "sp2" }
> 	{ "CP"  "C" "sp2" }
> 	{ "CI"  "C" "sp2" }
> 	{ "CJ"  "C" "sp2" }
> 	{ "CW"  "C" "sp2" }
> 	{ "CV"  "C" "sp2" }
> 	{ "CR"  "C" "sp2" }
> 	{ "CA"  "C" "sp2" }
> 	{ "CY"  "C" "sp2" }
> 	{ "C0"  "Ca" "sp2" }
> 	{ "MG"  "Mg" "sp3" }
> 	{ "N"   "N" "sp2" }
> 	{ "NA"  "N" "sp2" }
> 	{ "N2"  "N" "sp2" }
> 	{ "N*"  "N" "sp2" }
> 	{ "NP"  "N" "sp2" }
> 	{ "NQ"  "N" "sp2" }
> 	{ "NB"  "N" "sp2" }
> 	{ "NC"  "N" "sp2" }
> 	{ "NT"  "N" "sp3" }
> 	{ "N3"  "N" "sp3" }
> 	{ "S"   "S" "sp3" }
> 	{ "SH"  "S" "sp3" }
> 	{ "P"   "P" "sp3" }
> 	{ "LP"  ""  "sp3" }
> 	{ "F"   "F" "sp3" }
> 	{ "CL"  "Cl" "sp3" }
> 	{ "BR"  "Br" "sp3" }
> 	{ "I"   "I"  "sp3" }
> 	{ "FE"  "Fe" "sp3" }
> 	{ "EP"  ""  "sp3" }
> # glycam
> 	{ "OG"  "O" "sp3" }
> 	{ "OL"  "O" "sp3" }
> 	{ "AC"  "C" "sp3" }
> 	{ "EC"  "C" "sp3" }
> }
> #
> #	Load the main parameter set.
> #
> parm99 = loadamberparams parm99.dat
Loading parameters: /home/dale/packages/amber12/dat/leap/parm/parm99.dat
Reading title:
PARM99 for DNA,RNA,AA, organic molecules, TIP3P wat. Polariz.& LP incl.02/04/99
(UNKNOWN ATOM TYPE: HZ)
(UNKNOWN ATOM TYPE: IM)
(UNKNOWN ATOM TYPE: Li)
(UNKNOWN ATOM TYPE: IP)
(UNKNOWN ATOM TYPE: K)
(UNKNOWN ATOM TYPE: Rb)
(UNKNOWN ATOM TYPE: Cs)
(UNKNOWN ATOM TYPE: Zn)
(UNKNOWN ATOM TYPE: IB)
(UNKNOWN ATOM TYPE: LP)
> frcmod99SB = loadamberparams frcmod.ff99SB
Loading parameters: /home/dale/packages/amber12/dat/leap/parm/frcmod.ff99SB
Reading force field modification type file (frcmod)
Reading title:
Modification/update of parm99.dat (Hornak & Simmerling)
> #
> #	Load DNA/RNA libraries
> #
> loadOff all_nucleic94.lib
Loading library: /home/dale/packages/amber12/dat/leap/lib/all_nucleic94.lib
Loading: DA
Loading: DA3
Loading: DA5
Loading: DAN
Loading: DC
Loading: DC3
Loading: DC5
Loading: DCN
Loading: DG
Loading: DG3
Loading: DG5
Loading: DGN
Loading: DT
Loading: DT3
Loading: DT5
Loading: DTN
Loading: RA
Loading: RA3
Loading: RA5
Loading: RAN
Loading: RC
Loading: RC3
Loading: RC5
Loading: RCN
Loading: RG
Loading: RG3
Loading: RG5
Loading: RGN
Loading: RU
Loading: RU3
Loading: RU5
Loading: RUN
> #
> #	Load main chain and terminating 
> #	amino acid libraries (i.e. ff94 libs)
> #
> loadOff all_amino94.lib
Loading library: /home/dale/packages/amber12/dat/leap/lib/all_amino94.lib
Loading: ALA
Loading: ARG
Loading: ASH
Loading: ASN
Loading: ASP
Loading: CYM
Loading: CYS
Loading: CYX
Loading: GLH
Loading: GLN
Loading: GLU
Loading: GLY
Loading: HID
Loading: HIE
Loading: HIP
Loading: ILE
Loading: LEU
Loading: LYN
Loading: LYS
Loading: MET
Loading: PHE
Loading: PRO
Loading: SER
Loading: THR
Loading: TRP
Loading: TYR
Loading: VAL
> loadOff all_aminoct94.lib
Loading library: /home/dale/packages/amber12/dat/leap/lib/all_aminoct94.lib
Loading: CALA
Loading: CARG
Loading: CASN
Loading: CASP
Loading: CCYS
Loading: CCYX
Loading: CGLN
Loading: CGLU
Loading: CGLY
Loading: CHID
Loading: CHIE
Loading: CHIP
Loading: CILE
Loading: CLEU
Loading: CLYS
Loading: CMET
Loading: CPHE
Loading: CPRO
Loading: CSER
Loading: CTHR
Loading: CTRP
Loading: CTYR
Loading: CVAL
Loading: NHE
Loading: NME
> loadOff all_aminont94.lib
Loading library: /home/dale/packages/amber12/dat/leap/lib/all_aminont94.lib
Loading: ACE
Loading: NALA
Loading: NARG
Loading: NASN
Loading: NASP
Loading: NCYS
Loading: NCYX
Loading: NGLN
Loading: NGLU
Loading: NGLY
Loading: NHID
Loading: NHIE
Loading: NHIP
Loading: NILE
Loading: NLEU
Loading: NLYS
Loading: NMET
Loading: NPHE
Loading: NPRO
Loading: NSER
Loading: NTHR
Loading: NTRP
Loading: NTYR
Loading: NVAL
> #
> #       Load water and ions
> # 
> loadOff ions94.lib
Loading library: /home/dale/packages/amber12/dat/leap/lib/ions94.lib
Loading: CIO
Loading: Cl-
Loading: Cs+
Loading: IB
Loading: K+
Loading: Li+
Loading: MG2
Loading: Na+
Loading: Rb+
> loadOff solvents.lib
Loading library: /home/dale/packages/amber12/dat/leap/lib/solvents.lib
Loading: CHCL3BOX
Loading: DC4
Loading: MEOHBOX
Loading: NMABOX
Loading: PL3
Loading: POL3BOX
Loading: QSPCFWBOX
Loading: SPC
Loading: SPCBOX
Loading: SPCFWBOX
Loading: SPF
Loading: SPG
Loading: T4E
Loading: TIP3PBOX
Loading: TIP3PFBOX
Loading: TIP4PBOX
Loading: TIP4PEWBOX
Loading: TIP5PBOX
Loading: TP3
Loading: TP4
Loading: TP5
Loading: TPF
> HOH = TP3
> WAT = TP3
> 
> #
> #	Define the PDB name map for the amino acids and DNA.
> #
> addPdbResMap {
>   { 0 "ALA" "NALA" } { 1 "ALA" "CALA" }
>   { 0 "ARG" "NARG" } { 1 "ARG" "CARG" }
>   { 0 "ASN" "NASN" } { 1 "ASN" "CASN" }
>   { 0 "ASP" "NASP" } { 1 "ASP" "CASP" }
>   { 0 "CYS" "NCYS" } { 1 "CYS" "CCYS" }
>   { 0 "CYX" "NCYX" } { 1 "CYX" "CCYX" }
>   { 0 "GLN" "NGLN" } { 1 "GLN" "CGLN" }
>   { 0 "GLU" "NGLU" } { 1 "GLU" "CGLU" }
>   { 0 "GLY" "NGLY" } { 1 "GLY" "CGLY" }
>   { 0 "HID" "NHID" } { 1 "HID" "CHID" }
>   { 0 "HIE" "NHIE" } { 1 "HIE" "CHIE" }
>   { 0 "HIP" "NHIP" } { 1 "HIP" "CHIP" }
>   { 0 "ILE" "NILE" } { 1 "ILE" "CILE" }
>   { 0 "LEU" "NLEU" } { 1 "LEU" "CLEU" }
>   { 0 "LYS" "NLYS" } { 1 "LYS" "CLYS" }
>   { 0 "MET" "NMET" } { 1 "MET" "CMET" }
>   { 0 "PHE" "NPHE" } { 1 "PHE" "CPHE" }
>   { 0 "PRO" "NPRO" } { 1 "PRO" "CPRO" }
>   { 0 "SER" "NSER" } { 1 "SER" "CSER" }
>   { 0 "THR" "NTHR" } { 1 "THR" "CTHR" }
>   { 0 "TRP" "NTRP" } { 1 "TRP" "CTRP" }
>   { 0 "TYR" "NTYR" } { 1 "TYR" "CTYR" }
>   { 0 "VAL" "NVAL" } { 1 "VAL" "CVAL" }
>   { 0 "HIS" "NHIS" } { 1 "HIS" "CHIS" }
>   { 0 "GUA" "DG5"  } { 1 "GUA" "DG3"  } { "GUA" "DG" }
>   { 0 "ADE" "DA5"  } { 1 "ADE" "DA3"  } { "ADE" "DA" }
>   { 0 "CYT" "DC5"  } { 1 "CYT" "DC3"  } { "CYT" "DC" }
>   { 0 "THY" "DT5"  } { 1 "THY" "DT3"  } { "THY" "DT" }
>   { 0 "G" "RG5"  } { 1 "G" "RG3"  } { "G" "RG" } { "GN" "RGN" }
>   { 0 "A" "RA5"  } { 1 "A" "RA3"  } { "A" "RA" } { "AN" "RAN" }
>   { 0 "C" "RC5"  } { 1 "C" "RC3"  } { "C" "RC" } { "CN" "RCN" }
>   { 0 "U" "RU5"  } { 1 "U" "RU3"  } { "U" "RU" } { "UN" "RUN" }
>   { 0 "DG" "DG5"  } { 1 "DG" "DG3"  }  
>   { 0 "DA" "DA5"  } { 1 "DA" "DA3"  }  
>   { 0 "DC" "DC5"  } { 1 "DC" "DC3"  }  
>   { 0 "DT" "DT5"  } { 1 "DT" "DT3"  }
> 
> }
> 
> addPdbAtomMap {
>   { "O5*" "O5'" }
>   { "C5*" "C5'" }
>   { "C4*" "C4'" }
>   { "O4*" "O4'" }
>   { "C3*" "C3'" }
>   { "O3*" "O3'" }
>   { "C2*" "C2'" }
>   { "C1*" "C1'" }
>   { "C5M" "C7"  }
>   { "O2*" "O2'" }
>   { "H1*" "H1'" }
>   { "H2*1" "H2'1" }
>   { "H2*2" "H2'2" }
>   { "H2'"  "H2'1" }
>   { "H2''" "H2'2" }
>   { "H3*" "H3'" }
>   { "H4*" "H4'" }
>   { "H5*1" "H5'1" }
>   { "H5*2" "H5'2" }
>   { "H5'"  "H5'1" }
>   { "H5''" "H5'2" }
>   { "HO2'" "HO'2" }
>   { "HO5'" "H5T" }
>   { "HO3'" "H3T" }
>   { "O1'" "O4'" }
>   { "OA"  "O1P" }
>   { "OB"  "O2P" }
>   { "OP1" "O1P" }
>   { "OP2" "O2P" }
> }
> 
> 
> #
> # assumed that most often proteins use HIE
> #
> NHIS = NHIE
> HIS = HIE
> CHIS = CHIE
 
> source leaprc.gaff
----- Source: /home/dale/packages/amber12/dat/leap/cmd/leaprc.gaff
----- Source of /home/dale/packages/amber12/dat/leap/cmd/leaprc.gaff done
>> logFile leap.log
log started: Sun Aug 26 11:56:57 2012

Log file: ./leap.log
>> #
>> # ----- leaprc for loading the general Amber Force field.
>> #       This file is mostly for use with Antechamber
>> #
>> #	load atom type hybridizations
>> #
>> addAtomTypes {
>> 	{ "h1"  "H" "sp3" }
>> 	{ "h2"  "H" "sp3" }
>> 	{ "h3"  "H" "sp3" }
>> 	{ "h4"  "H" "sp3" }
>> 	{ "h5"  "H" "sp3" }
>> 	{ "ha"  "H" "sp3" }
>> 	{ "hc"  "H" "sp3" }
>> 	{ "hn"  "H" "sp3" }
>> 	{ "ho"  "H" "sp3" }
>> 	{ "hp"  "H" "sp3" }
>> 	{ "hs"  "H" "sp3" }
>> 	{ "hw"  "H" "sp3" }
>> 	{ "hx"  "H" "sp3" }
>> 	{ "o"  "O" "sp2" }
>> 	{ "o2"  "O" "sp2" }
>> 	{ "oh"  "O" "sp3" }
>> 	{ "os"  "O" "sp3" }
>> 	{ "ow"  "O" "sp3" }
>> 	{ "c"  "C" "sp2" }
>> 	{ "c1"  "C" "sp2" }
>> 	{ "c2"  "C" "sp2" }
>> 	{ "c3"  "C" "sp3" }
>> 	{ "ca"  "C" "sp2" }
>> 	{ "cc"  "C" "sp2" }
>> 	{ "cd"  "C" "sp2" }
>> 	{ "ce"  "C" "sp2" }
>> 	{ "cf"  "C" "sp2" }
>> 	{ "cg"  "C" "sp2" }
>> 	{ "ch"  "C" "sp2" }
>> 	{ "cp"  "C" "sp2" }
>> 	{ "cq"  "C" "sp2" }
>> 	{ "cu"  "C" "sp2" }
>> 	{ "cv"  "C" "sp2" }
>> 	{ "cx"  "C" "sp2" }
>> 	{ "cy"  "C" "sp2" }
>> 	{ "n"   "N" "sp2" }
>> 	{ "n1"  "N" "sp2" }
>> 	{ "n2"  "N" "sp2" }
>> 	{ "n3"  "N" "sp3" }
>> 	{ "n4"  "N" "sp3" }
>> 	{ "na"  "N" "sp2" }
>> 	{ "nb"  "N" "sp2" }
>> 	{ "nc"  "N" "sp2" }
>> 	{ "nd"  "N" "sp2" }
>> 	{ "ne"  "N" "sp2" }
>> 	{ "nf"  "N" "sp2" }
>> 	{ "nh"  "N" "sp2" }
>> 	{ "no"  "N" "sp2" }
>> 	{ "s"   "S" "sp2" }
>> 	{ "s2"   "S" "sp2" }
>> 	{ "s3"   "S" "sp3" }
>> 	{ "s4"   "S" "sp3" }
>> 	{ "s6"   "S" "sp3" }
>> 	{ "sh"   "S" "sp3" }
>> 	{ "ss"   "S" "sp3" }
>> 	{ "sx"   "S" "sp3" }
>> 	{ "sy"   "S" "sp3" }
>> 	{ "p2"   "P" "sp2" }
>> 	{ "p3"   "P" "sp3" }
>> 	{ "p4"   "P" "sp3" }
>> 	{ "p5"   "P" "sp3" }
>> 	{ "pb"   "P" "sp3" }
>> 	{ "pd"   "P" "sp3" }
>> 	{ "px"   "P" "sp3" }
>> 	{ "py"   "P" "sp3" }
>> 	{ "f"   "F" "sp3" }
>> 	{ "cl"  "Cl" "sp3" }
>> 	{ "br"  "Br" "sp3" }
>> 	{ "i"   "I"  "sp3" }
>> }
>> #
>> #	Load the general force field parameter set.
>> #
>> gaff = loadamberparams gaff.dat
Loading parameters: /home/dale/packages/amber12/dat/leap/parm/gaff.dat
Reading title:
AMBER General Force Field for organic molecules (Version 1.4, March 2010) add. info. at the end
(UNKNOWN ATOM TYPE: cz)
> 
> le = loadmol2 le.mol2
Loading Mol2 file: ./le.mol2
Reading MOLECULE named SER
> list
ACE       ALA       ARG       ASH       ASN       ASP       CALA      CARG      
CASN      CASP      CCYS      CCYX      CGLN      CGLU      CGLY      CHCL3BOX  
CHID      CHIE      CHIP      CHIS      CILE      CIO       CLEU      CLYS      
CMET      CPHE      CPRO      CSER      CTHR      CTRP      CTYR      CVAL      
CYM       CYS       CYX       Cl-       Cs+       DA        DA3       DA5       
DAN       DC        DC3       DC4       DC5       DCN       DG        DG3       
DG5       DGN       DT        DT3       DT5       DTN       GLH       GLN       
GLU       GLY       HID       HIE       HIP       HIS       HOH       IB        
ILE       K+        LEU       LYN       LYS       Li+       MEOHBOX   MET       
MG2       NALA      NARG      NASN      NASP      NCYS      NCYX      NGLN      
NGLU      NGLY      NHE       NHID      NHIE      NHIP      NHIS      NILE      
NLEU      NLYS      NMABOX    NME       NMET      NPHE      NPRO      NSER      
NTHR      NTRP      NTYR      NVAL      Na+       PHE       PL3       POL3BOX   
PRO       QSPCFWBOX RA        RA3       RA5       RAN       RC        RC3       
RC5       RCN       RG        RG3       RG5       RGN       RU        RU3       
RU5       RUN       Rb+       SER       SPC       SPCBOX    SPCFWBOX  SPF       
SPG       T4E       THR       TIP3PBOX  TIP3PFBOX TIP4PBOX  TIP4PEWBOXTIP5PBOX  
TP3       TP4       TP5       TPF       TRP       TYR       VAL       WAT       
frcmod99SBgaff      le        parm99    
> check le
Checking 'le'....
WARNING: The unperturbed charge of the unit: 1.002999 is not zero.
Checking parameters for unit 'le'.
Checking for bond parameters.
Checking for angle parameters.
check:  Warnings: 1
Unit is OK.
> loadamberparams le.frcmod
Loading parameters: ./le.frcmod
Reading force field modification type file (frcmod)
Reading title:
remark goes here
> check le
Checking 'le'....
WARNING: The unperturbed charge of the unit: 1.002999 is not zero.
Checking parameters for unit 'le'.
Checking for bond parameters.
Checking for angle parameters.
check:  Warnings: 1
Unit is OK.
> saveoff le le.lib
 Creating le.lib
Saving le.
Building topology.
Building atom parameters.
> saveamberparm le le.prmtop le.inpcrd
Checking Unit.
WARNING: The unperturbed charge of the unit: 1.002999 is not zero.

 -- ignoring the warning.

Building topology.
Building atom parameters.
Building bond parameters.
Building angle parameters.
Building proper torsion parameters.
Building improper torsion parameters.
 total 65 improper torsions applied
Building H-Bond parameters.
Not Marking per-residue atom chain types.
Marking per-residue atom chain types.
  (Residues lacking connect0/connect1 - 
   these don't have chain types marked:

	res	total affected

	SER	1
  )
 (no restraints)
> savepdb le le.pdb
Writing pdb file: le.pdb
> exit
ERROR: syntax error

> quit
	Quit
log started: Sun Aug 26 19:38:46 2012

Log file: ./leap.log
> #
> # ----- leaprc for loading the ff99SB (Hornak & Simmerling) force field
> # -----  this file is updated for PDB format 3
> #
> #	load atom type hybridizations
> #
> addAtomTypes {
> 	{ "H"   "H" "sp3" }
> 	{ "HO"  "H" "sp3" }
> 	{ "HS"  "H" "sp3" }
> 	{ "H1"  "H" "sp3" }
> 	{ "H2"  "H" "sp3" }
> 	{ "H3"  "H" "sp3" }
> 	{ "H4"  "H" "sp3" }
> 	{ "H5"  "H" "sp3" }
> 	{ "HW"  "H" "sp3" }
> 	{ "HC"  "H" "sp3" }
> 	{ "HA"  "H" "sp3" }
> 	{ "HP"  "H" "sp3" }
> 	{ "OH"  "O" "sp3" }
> 	{ "OS"  "O" "sp3" }
> 	{ "O"   "O" "sp2" }
> 	{ "O2"  "O" "sp2" }
> 	{ "OW"  "O" "sp3" }
> 	{ "CT"  "C" "sp3" }
> 	{ "CH"  "C" "sp3" }
> 	{ "C2"  "C" "sp3" }
> 	{ "C3"  "C" "sp3" }
> 	{ "C"   "C" "sp2" }
> 	{ "C*"  "C" "sp2" }
> 	{ "CA"  "C" "sp2" }
> 	{ "CB"  "C" "sp2" }
> 	{ "CC"  "C" "sp2" }
> 	{ "CN"  "C" "sp2" }
> 	{ "CM"  "C" "sp2" }
> 	{ "CK"  "C" "sp2" }
> 	{ "CQ"  "C" "sp2" }
> 	{ "CD"  "C" "sp2" }
> 	{ "CE"  "C" "sp2" }
> 	{ "CF"  "C" "sp2" }
> 	{ "CP"  "C" "sp2" }
> 	{ "CI"  "C" "sp2" }
> 	{ "CJ"  "C" "sp2" }
> 	{ "CW"  "C" "sp2" }
> 	{ "CV"  "C" "sp2" }
> 	{ "CR"  "C" "sp2" }
> 	{ "CA"  "C" "sp2" }
> 	{ "CY"  "C" "sp2" }
> 	{ "C0"  "Ca" "sp2" }
> 	{ "MG"  "Mg" "sp3" }
> 	{ "N"   "N" "sp2" }
> 	{ "NA"  "N" "sp2" }
> 	{ "N2"  "N" "sp2" }
> 	{ "N*"  "N" "sp2" }
> 	{ "NP"  "N" "sp2" }
> 	{ "NQ"  "N" "sp2" }
> 	{ "NB"  "N" "sp2" }
> 	{ "NC"  "N" "sp2" }
> 	{ "NT"  "N" "sp3" }
> 	{ "N3"  "N" "sp3" }
> 	{ "S"   "S" "sp3" }
> 	{ "SH"  "S" "sp3" }
> 	{ "P"   "P" "sp3" }
> 	{ "LP"  ""  "sp3" }
> 	{ "F"   "F" "sp3" }
> 	{ "CL"  "Cl" "sp3" }
> 	{ "BR"  "Br" "sp3" }
> 	{ "I"   "I"  "sp3" }
> 	{ "FE"  "Fe" "sp3" }
> 	{ "EP"  ""  "sp3" }
> # glycam
> 	{ "OG"  "O" "sp3" }
> 	{ "OL"  "O" "sp3" }
> 	{ "AC"  "C" "sp3" }
> 	{ "EC"  "C" "sp3" }
> }
> #
> #	Load the main parameter set.
> #
> parm99 = loadamberparams parm99.dat
Loading parameters: /home/dale/packages/amber12/dat/leap/parm/parm99.dat
Reading title:
PARM99 for DNA,RNA,AA, organic molecules, TIP3P wat. Polariz.& LP incl.02/04/99
(UNKNOWN ATOM TYPE: HZ)
(UNKNOWN ATOM TYPE: IM)
(UNKNOWN ATOM TYPE: Li)
(UNKNOWN ATOM TYPE: IP)
(UNKNOWN ATOM TYPE: K)
(UNKNOWN ATOM TYPE: Rb)
(UNKNOWN ATOM TYPE: Cs)
(UNKNOWN ATOM TYPE: Zn)
(UNKNOWN ATOM TYPE: IB)
(UNKNOWN ATOM TYPE: LP)
> frcmod99SB = loadamberparams frcmod.ff99SB
Loading parameters: /home/dale/packages/amber12/dat/leap/parm/frcmod.ff99SB
Reading force field modification type file (frcmod)
Reading title:
Modification/update of parm99.dat (Hornak & Simmerling)
> #
> #	Load DNA/RNA libraries
> #
> loadOff all_nucleic94.lib
Loading library: /home/dale/packages/amber12/dat/leap/lib/all_nucleic94.lib
Loading: DA
Loading: DA3
Loading: DA5
Loading: DAN
Loading: DC
Loading: DC3
Loading: DC5
Loading: DCN
Loading: DG
Loading: DG3
Loading: DG5
Loading: DGN
Loading: DT
Loading: DT3
Loading: DT5
Loading: DTN
Loading: RA
Loading: RA3
Loading: RA5
Loading: RAN
Loading: RC
Loading: RC3
Loading: RC5
Loading: RCN
Loading: RG
Loading: RG3
Loading: RG5
Loading: RGN
Loading: RU
Loading: RU3
Loading: RU5
Loading: RUN
> #
> #	Load main chain and terminating 
> #	amino acid libraries (i.e. ff94 libs)
> #
> loadOff all_amino94.lib
Loading library: /home/dale/packages/amber12/dat/leap/lib/all_amino94.lib
Loading: ALA
Loading: ARG
Loading: ASH
Loading: ASN
Loading: ASP
Loading: CYM
Loading: CYS
Loading: CYX
Loading: GLH
Loading: GLN
Loading: GLU
Loading: GLY
Loading: HID
Loading: HIE
Loading: HIP
Loading: ILE
Loading: LEU
Loading: LYN
Loading: LYS
Loading: MET
Loading: PHE
Loading: PRO
Loading: SER
Loading: THR
Loading: TRP
Loading: TYR
Loading: VAL
> loadOff all_aminoct94.lib
Loading library: /home/dale/packages/amber12/dat/leap/lib/all_aminoct94.lib
Loading: CALA
Loading: CARG
Loading: CASN
Loading: CASP
Loading: CCYS
Loading: CCYX
Loading: CGLN
Loading: CGLU
Loading: CGLY
Loading: CHID
Loading: CHIE
Loading: CHIP
Loading: CILE
Loading: CLEU
Loading: CLYS
Loading: CMET
Loading: CPHE
Loading: CPRO
Loading: CSER
Loading: CTHR
Loading: CTRP
Loading: CTYR
Loading: CVAL
Loading: NHE
Loading: NME
> loadOff all_aminont94.lib
Loading library: /home/dale/packages/amber12/dat/leap/lib/all_aminont94.lib
Loading: ACE
Loading: NALA
Loading: NARG
Loading: NASN
Loading: NASP
Loading: NCYS
Loading: NCYX
Loading: NGLN
Loading: NGLU
Loading: NGLY
Loading: NHID
Loading: NHIE
Loading: NHIP
Loading: NILE
Loading: NLEU
Loading: NLYS
Loading: NMET
Loading: NPHE
Loading: NPRO
Loading: NSER
Loading: NTHR
Loading: NTRP
Loading: NTYR
Loading: NVAL
> #
> #       Load water and ions
> # 
> loadOff ions94.lib
Loading library: /home/dale/packages/amber12/dat/leap/lib/ions94.lib
Loading: CIO
Loading: Cl-
Loading: Cs+
Loading: IB
Loading: K+
Loading: Li+
Loading: MG2
Loading: Na+
Loading: Rb+
> loadOff solvents.lib
Loading library: /home/dale/packages/amber12/dat/leap/lib/solvents.lib
Loading: CHCL3BOX
Loading: DC4
Loading: MEOHBOX
Loading: NMABOX
Loading: PL3
Loading: POL3BOX
Loading: QSPCFWBOX
Loading: SPC
Loading: SPCBOX
Loading: SPCFWBOX
Loading: SPF
Loading: SPG
Loading: T4E
Loading: TIP3PBOX
Loading: TIP3PFBOX
Loading: TIP4PBOX
Loading: TIP4PEWBOX
Loading: TIP5PBOX
Loading: TP3
Loading: TP4
Loading: TP5
Loading: TPF
> HOH = TP3
> WAT = TP3
> 
> #
> #	Define the PDB name map for the amino acids and DNA.
> #
> addPdbResMap {
>   { 0 "ALA" "NALA" } { 1 "ALA" "CALA" }
>   { 0 "ARG" "NARG" } { 1 "ARG" "CARG" }
>   { 0 "ASN" "NASN" } { 1 "ASN" "CASN" }
>   { 0 "ASP" "NASP" } { 1 "ASP" "CASP" }
>   { 0 "CYS" "NCYS" } { 1 "CYS" "CCYS" }
>   { 0 "CYX" "NCYX" } { 1 "CYX" "CCYX" }
>   { 0 "GLN" "NGLN" } { 1 "GLN" "CGLN" }
>   { 0 "GLU" "NGLU" } { 1 "GLU" "CGLU" }
>   { 0 "GLY" "NGLY" } { 1 "GLY" "CGLY" }
>   { 0 "HID" "NHID" } { 1 "HID" "CHID" }
>   { 0 "HIE" "NHIE" } { 1 "HIE" "CHIE" }
>   { 0 "HIP" "NHIP" } { 1 "HIP" "CHIP" }
>   { 0 "ILE" "NILE" } { 1 "ILE" "CILE" }
>   { 0 "LEU" "NLEU" } { 1 "LEU" "CLEU" }
>   { 0 "LYS" "NLYS" } { 1 "LYS" "CLYS" }
>   { 0 "MET" "NMET" } { 1 "MET" "CMET" }
>   { 0 "PHE" "NPHE" } { 1 "PHE" "CPHE" }
>   { 0 "PRO" "NPRO" } { 1 "PRO" "CPRO" }
>   { 0 "SER" "NSER" } { 1 "SER" "CSER" }
>   { 0 "THR" "NTHR" } { 1 "THR" "CTHR" }
>   { 0 "TRP" "NTRP" } { 1 "TRP" "CTRP" }
>   { 0 "TYR" "NTYR" } { 1 "TYR" "CTYR" }
>   { 0 "VAL" "NVAL" } { 1 "VAL" "CVAL" }
>   { 0 "HIS" "NHIS" } { 1 "HIS" "CHIS" }
>   { 0 "GUA" "DG5"  } { 1 "GUA" "DG3"  } { "GUA" "DG" }
>   { 0 "ADE" "DA5"  } { 1 "ADE" "DA3"  } { "ADE" "DA" }
>   { 0 "CYT" "DC5"  } { 1 "CYT" "DC3"  } { "CYT" "DC" }
>   { 0 "THY" "DT5"  } { 1 "THY" "DT3"  } { "THY" "DT" }
>   { 0 "G" "RG5"  } { 1 "G" "RG3"  } { "G" "RG" } { "GN" "RGN" }
>   { 0 "A" "RA5"  } { 1 "A" "RA3"  } { "A" "RA" } { "AN" "RAN" }
>   { 0 "C" "RC5"  } { 1 "C" "RC3"  } { "C" "RC" } { "CN" "RCN" }
>   { 0 "U" "RU5"  } { 1 "U" "RU3"  } { "U" "RU" } { "UN" "RUN" }
>   { 0 "DG" "DG5"  } { 1 "DG" "DG3"  }  
>   { 0 "DA" "DA5"  } { 1 "DA" "DA3"  }  
>   { 0 "DC" "DC5"  } { 1 "DC" "DC3"  }  
>   { 0 "DT" "DT5"  } { 1 "DT" "DT3"  }
> 
> }
> 
> addPdbAtomMap {
>   { "O5*" "O5'" }
>   { "C5*" "C5'" }
>   { "C4*" "C4'" }
>   { "O4*" "O4'" }
>   { "C3*" "C3'" }
>   { "O3*" "O3'" }
>   { "C2*" "C2'" }
>   { "C1*" "C1'" }
>   { "C5M" "C7"  }
>   { "O2*" "O2'" }
>   { "H1*" "H1'" }
>   { "H2*1" "H2'1" }
>   { "H2*2" "H2'2" }
>   { "H2'"  "H2'1" }
>   { "H2''" "H2'2" }
>   { "H3*" "H3'" }
>   { "H4*" "H4'" }
>   { "H5*1" "H5'1" }
>   { "H5*2" "H5'2" }
>   { "H5'"  "H5'1" }
>   { "H5''" "H5'2" }
>   { "HO2'" "HO'2" }
>   { "HO5'" "H5T" }
>   { "HO3'" "H3T" }
>   { "O1'" "O4'" }
>   { "OA"  "O1P" }
>   { "OB"  "O2P" }
>   { "OP1" "O1P" }
>   { "OP2" "O2P" }
> }
> 
> 
> #
> # assumed that most often proteins use HIE
> #
> NHIS = NHIE
> HIS = HIE
> CHIS = CHIE
 
> source leaprc.gaff
----- Source: /home/dale/packages/amber12/dat/leap/cmd/leaprc.gaff
----- Source of /home/dale/packages/amber12/dat/leap/cmd/leaprc.gaff done
>> logFile leap.log
log started: Sun Aug 26 19:39:00 2012

Log file: ./leap.log
>> #
>> # ----- leaprc for loading the general Amber Force field.
>> #       This file is mostly for use with Antechamber
>> #
>> #	load atom type hybridizations
>> #
>> addAtomTypes {
>> 	{ "h1"  "H" "sp3" }
>> 	{ "h2"  "H" "sp3" }
>> 	{ "h3"  "H" "sp3" }
>> 	{ "h4"  "H" "sp3" }
>> 	{ "h5"  "H" "sp3" }
>> 	{ "ha"  "H" "sp3" }
>> 	{ "hc"  "H" "sp3" }
>> 	{ "hn"  "H" "sp3" }
>> 	{ "ho"  "H" "sp3" }
>> 	{ "hp"  "H" "sp3" }
>> 	{ "hs"  "H" "sp3" }
>> 	{ "hw"  "H" "sp3" }
>> 	{ "hx"  "H" "sp3" }
>> 	{ "o"  "O" "sp2" }
>> 	{ "o2"  "O" "sp2" }
>> 	{ "oh"  "O" "sp3" }
>> 	{ "os"  "O" "sp3" }
>> 	{ "ow"  "O" "sp3" }
>> 	{ "c"  "C" "sp2" }
>> 	{ "c1"  "C" "sp2" }
>> 	{ "c2"  "C" "sp2" }
>> 	{ "c3"  "C" "sp3" }
>> 	{ "ca"  "C" "sp2" }
>> 	{ "cc"  "C" "sp2" }
>> 	{ "cd"  "C" "sp2" }
>> 	{ "ce"  "C" "sp2" }
>> 	{ "cf"  "C" "sp2" }
>> 	{ "cg"  "C" "sp2" }
>> 	{ "ch"  "C" "sp2" }
>> 	{ "cp"  "C" "sp2" }
>> 	{ "cq"  "C" "sp2" }
>> 	{ "cu"  "C" "sp2" }
>> 	{ "cv"  "C" "sp2" }
>> 	{ "cx"  "C" "sp2" }
>> 	{ "cy"  "C" "sp2" }
>> 	{ "n"   "N" "sp2" }
>> 	{ "n1"  "N" "sp2" }
>> 	{ "n2"  "N" "sp2" }
>> 	{ "n3"  "N" "sp3" }
>> 	{ "n4"  "N" "sp3" }
>> 	{ "na"  "N" "sp2" }
>> 	{ "nb"  "N" "sp2" }
>> 	{ "nc"  "N" "sp2" }
>> 	{ "nd"  "N" "sp2" }
>> 	{ "ne"  "N" "sp2" }
>> 	{ "nf"  "N" "sp2" }
>> 	{ "nh"  "N" "sp2" }
>> 	{ "no"  "N" "sp2" }
>> 	{ "s"   "S" "sp2" }
>> 	{ "s2"   "S" "sp2" }
>> 	{ "s3"   "S" "sp3" }
>> 	{ "s4"   "S" "sp3" }
>> 	{ "s6"   "S" "sp3" }
>> 	{ "sh"   "S" "sp3" }
>> 	{ "ss"   "S" "sp3" }
>> 	{ "sx"   "S" "sp3" }
>> 	{ "sy"   "S" "sp3" }
>> 	{ "p2"   "P" "sp2" }
>> 	{ "p3"   "P" "sp3" }
>> 	{ "p4"   "P" "sp3" }
>> 	{ "p5"   "P" "sp3" }
>> 	{ "pb"   "P" "sp3" }
>> 	{ "pd"   "P" "sp3" }
>> 	{ "px"   "P" "sp3" }
>> 	{ "py"   "P" "sp3" }
>> 	{ "f"   "F" "sp3" }
>> 	{ "cl"  "Cl" "sp3" }
>> 	{ "br"  "Br" "sp3" }
>> 	{ "i"   "I"  "sp3" }
>> }
>> #
>> #	Load the general force field parameter set.
>> #
>> gaff = loadamberparams gaff.dat
Loading parameters: /home/dale/packages/amber12/dat/leap/parm/gaff.dat
Reading title:
AMBER General Force Field for organic molecules (Version 1.4, March 2010) add. info. at the end
(UNKNOWN ATOM TYPE: cz)
> 
> le = loadmol2 le.mol2
Loading Mol2 file: ./le.mol2
Reading MOLECULE named SER
> saveamberparm le 01.vac/le.inpcrd 01.vac/le.prmtop
Checking Unit.
WARNING: The unperturbed charge of the unit: 1.002999 is not zero.

 -- ignoring the warning.

Building topology.
Building atom parameters.
Building bond parameters.
Building angle parameters.
Building proper torsion parameters.
 ** No torsion terms for  c3-cc-ca-ca
 ** No torsion terms for  c3-cc-ca-ca
 ** No torsion terms for  cd-cc-ca-ca
 ** No torsion terms for  cd-cc-ca-ca
 ** No torsion terms for  c3-cc-ca-ca
 ** No torsion terms for  c3-cc-ca-ca
 ** No torsion terms for  cd-cc-ca-ca
 ** No torsion terms for  cd-cc-ca-ca
 ** No torsion terms for  c3-cc-ca-ca
 ** No torsion terms for  c3-cc-ca-ca
 ** No torsion terms for  cd-cc-ca-ca
 ** No torsion terms for  cd-cc-ca-ca
 ** No torsion terms for  c3-cc-ca-ca
 ** No torsion terms for  c3-cc-ca-ca
 ** No torsion terms for  cd-cc-ca-ca
 ** No torsion terms for  cd-cc-ca-ca
Building improper torsion parameters.
 ** Warning: No sp2 improper torsion term for  c3-cd-cc-ca
        atoms are: CB CD1 CG CD2
 ** Warning: No sp2 improper torsion term for  cc-h4-cd-na
        atoms are: CG HD1 CD1 NE1
 ** Warning: No sp2 improper torsion term for  na-ca-ca-ca
        atoms are: NE1 CD2 CE2 CZ2
 ** Warning: No sp2 improper torsion term for  cc-ca-ca-ca
        atoms are: CG CE2 CD2 CE3
 ** Warning: No sp2 improper torsion term for  c3-cd-cc-ca
        atoms are: CB CD1 CG CD2
 ** Warning: No sp2 improper torsion term for  cc-h4-cd-na
        atoms are: CG HD1 CD1 NE1
 ** Warning: No sp2 improper torsion term for  na-ca-ca-ca
        atoms are: NE1 CD2 CE2 CZ2
 ** Warning: No sp2 improper torsion term for  cc-ca-ca-ca
        atoms are: CG CE2 CD2 CE3
 ** Warning: No sp2 improper torsion term for  c3-cd-cc-ca
        atoms are: CB CD1 CG CD2
 ** Warning: No sp2 improper torsion term for  cc-h4-cd-na
        atoms are: CG HD1 CD1 NE1
 ** Warning: No sp2 improper torsion term for  na-ca-ca-ca
        atoms are: NE1 CD2 CE2 CZ2
 ** Warning: No sp2 improper torsion term for  cc-ca-ca-ca
        atoms are: CG CE2 CD2 CE3
 ** Warning: No sp2 improper torsion term for  c3-cd-cc-ca
        atoms are: CB CD1 CG CD2
 ** Warning: No sp2 improper torsion term for  cc-h4-cd-na
        atoms are: CG HD1 CD1 NE1
 ** Warning: No sp2 improper torsion term for  na-ca-ca-ca
        atoms are: NE1 CD2 CE2 CZ2
 ** Warning: No sp2 improper torsion term for  cc-ca-ca-ca
        atoms are: CG CE2 CD2 CE3
 total 49 improper torsions applied
Building H-Bond parameters.
Parameter file was not saved.
> 
> loadamberparams le.frcmod
Loading parameters: ./le.frcmod
Reading force field modification type file (frcmod)
Reading title:
remark goes here
> saveoff le le.lib
Saving le.
Building topology.
Building atom parameters.
> saveamberparm le 01.vac/le.prmtop 01.vac/le.inpcrd
Checking Unit.
WARNING: The unperturbed charge of the unit: 1.002999 is not zero.

 -- ignoring the warning.

Building topology.
Building atom parameters.
Building bond parameters.
Building angle parameters.
Building proper torsion parameters.
Building improper torsion parameters.
 total 65 improper torsions applied
Building H-Bond parameters.
Not Marking per-residue atom chain types.
Marking per-residue atom chain types.
  (Residues lacking connect0/connect1 - 
   these don't have chain types marked:

	res	total affected

	SER	1
  )
 (no restraints)
> le1 = copy le
> solvatebox le TIP3PBOX {12 12 45}
  Solute vdw bounding box:              15.340 23.813 16.679
  Total bounding box for atom centers:  39.340 47.813 106.679
  Solvent unit box:                     18.774 18.774 18.774
The number of boxes:  x= 3  y= 3  z= 6
Adding box at: x=0  y=0  z=0
Center of solvent box is: 18.774349, 18.774349, 46.935873
Adding box at: x=0  y=0  z=1
Center of solvent box is: 18.774349, 18.774349, 28.161524
Adding box at: x=0  y=0  z=2
Center of solvent box is: 18.774349, 18.774349, 9.387175
Adding box at: x=0  y=0  z=3
Center of solvent box is: 18.774349, 18.774349, -9.387175
Adding box at: x=0  y=0  z=4
Center of solvent box is: 18.774349, 18.774349, -28.161524
Adding box at: x=0  y=0  z=5
Center of solvent box is: 18.774349, 18.774349, -46.935873
Adding box at: x=0  y=1  z=0
Center of solvent box is: 18.774349, 0.000000, 46.935873
Adding box at: x=0  y=1  z=1
Center of solvent box is: 18.774349, 0.000000, 28.161524
Adding box at: x=0  y=1  z=2
Center of solvent box is: 18.774349, 0.000000, 9.387175
Adding box at: x=0  y=1  z=3
Center of solvent box is: 18.774349, 0.000000, -9.387175
Adding box at: x=0  y=1  z=4
Center of solvent box is: 18.774349, 0.000000, -28.161524
Adding box at: x=0  y=1  z=5
Center of solvent box is: 18.774349, 0.000000, -46.935873
Adding box at: x=0  y=2  z=0
Center of solvent box is: 18.774349, -18.774349, 46.935873
Adding box at: x=0  y=2  z=1
Center of solvent box is: 18.774349, -18.774349, 28.161524
Adding box at: x=0  y=2  z=2
Center of solvent box is: 18.774349, -18.774349, 9.387175
Adding box at: x=0  y=2  z=3
Center of solvent box is: 18.774349, -18.774349, -9.387175
Adding box at: x=0  y=2  z=4
Center of solvent box is: 18.774349, -18.774349, -28.161524
Adding box at: x=0  y=2  z=5
Center of solvent box is: 18.774349, -18.774349, -46.935873
Adding box at: x=1  y=0  z=0
Center of solvent box is: 0.000000, 18.774349, 46.935873
Adding box at: x=1  y=0  z=1
Center of solvent box is: 0.000000, 18.774349, 28.161524
Adding box at: x=1  y=0  z=2
Center of solvent box is: 0.000000, 18.774349, 9.387175
Adding box at: x=1  y=0  z=3
Center of solvent box is: 0.000000, 18.774349, -9.387175
Adding box at: x=1  y=0  z=4
Center of solvent box is: 0.000000, 18.774349, -28.161524
Adding box at: x=1  y=0  z=5
Center of solvent box is: 0.000000, 18.774349, -46.935873
Adding box at: x=1  y=1  z=0
Center of solvent box is: 0.000000, 0.000000, 46.935873
Adding box at: x=1  y=1  z=1
Center of solvent box is: 0.000000, 0.000000, 28.161524
Adding box at: x=1  y=1  z=2
Center of solvent box is: 0.000000, 0.000000, 9.387175
Adding box at: x=1  y=1  z=3
Center of solvent box is: 0.000000, 0.000000, -9.387175
Adding box at: x=1  y=1  z=4
Center of solvent box is: 0.000000, 0.000000, -28.161524
Adding box at: x=1  y=1  z=5
Center of solvent box is: 0.000000, 0.000000, -46.935873
Adding box at: x=1  y=2  z=0
Center of solvent box is: 0.000000, -18.774349, 46.935873
Adding box at: x=1  y=2  z=1
Center of solvent box is: 0.000000, -18.774349, 28.161524
Adding box at: x=1  y=2  z=2
Center of solvent box is: 0.000000, -18.774349, 9.387175
Adding box at: x=1  y=2  z=3
Center of solvent box is: 0.000000, -18.774349, -9.387175
Adding box at: x=1  y=2  z=4
Center of solvent box is: 0.000000, -18.774349, -28.161524
Adding box at: x=1  y=2  z=5
Center of solvent box is: 0.000000, -18.774349, -46.935873
Adding box at: x=2  y=0  z=0
Center of solvent box is: -18.774349, 18.774349, 46.935873
Adding box at: x=2  y=0  z=1
Center of solvent box is: -18.774349, 18.774349, 28.161524
Adding box at: x=2  y=0  z=2
Center of solvent box is: -18.774349, 18.774349, 9.387175
Adding box at: x=2  y=0  z=3
Center of solvent box is: -18.774349, 18.774349, -9.387175
Adding box at: x=2  y=0  z=4
Center of solvent box is: -18.774349, 18.774349, -28.161524
Adding box at: x=2  y=0  z=5
Center of solvent box is: -18.774349, 18.774349, -46.935873
Adding box at: x=2  y=1  z=0
Center of solvent box is: -18.774349, 0.000000, 46.935873
Adding box at: x=2  y=1  z=1
Center of solvent box is: -18.774349, 0.000000, 28.161524
Adding box at: x=2  y=1  z=2
Center of solvent box is: -18.774349, 0.000000, 9.387175
Adding box at: x=2  y=1  z=3
Center of solvent box is: -18.774349, 0.000000, -9.387175
Adding box at: x=2  y=1  z=4
Center of solvent box is: -18.774349, 0.000000, -28.161524
Adding box at: x=2  y=1  z=5
Center of solvent box is: -18.774349, 0.000000, -46.935873
Adding box at: x=2  y=2  z=0
Center of solvent box is: -18.774349, -18.774349, 46.935873
Adding box at: x=2  y=2  z=1
Center of solvent box is: -18.774349, -18.774349, 28.161524
Adding box at: x=2  y=2  z=2
Center of solvent box is: -18.774349, -18.774349, 9.387175
Adding box at: x=2  y=2  z=3
Center of solvent box is: -18.774349, -18.774349, -9.387175
Adding box at: x=2  y=2  z=4
Center of solvent box is: -18.774349, -18.774349, -28.161524
Adding box at: x=2  y=2  z=5
Center of solvent box is: -18.774349, -18.774349, -46.935873
  Total vdw box size:                   41.937 50.932 109.778 angstroms.
  Volume: 234481.000 A^3 
  Total mass 110035.096 amu,  Density 0.779 g/cc
  Added 6016 residues.
> savepdb le lewb.pdb
Writing pdb file: lewb.pdb
> le = copy le1
> solvatebox le TIP3PBOX {12 12 32}
  Solute vdw bounding box:              15.340 23.813 16.679
  Total bounding box for atom centers:  39.340 47.813 80.679
  Solvent unit box:                     18.774 18.774 18.774
The number of boxes:  x= 3  y= 3  z= 5
Adding box at: x=0  y=0  z=0
Center of solvent box is: 18.774349, 18.774349, 37.548698
Adding box at: x=0  y=0  z=1
Center of solvent box is: 18.774349, 18.774349, 18.774349
Adding box at: x=0  y=0  z=2
Center of solvent box is: 18.774349, 18.774349, 0.000000
Adding box at: x=0  y=0  z=3
Center of solvent box is: 18.774349, 18.774349, -18.774349
Adding box at: x=0  y=0  z=4
Center of solvent box is: 18.774349, 18.774349, -37.548698
Adding box at: x=0  y=1  z=0
Center of solvent box is: 18.774349, 0.000000, 37.548698
Adding box at: x=0  y=1  z=1
Center of solvent box is: 18.774349, 0.000000, 18.774349
Adding box at: x=0  y=1  z=2
Center of solvent box is: 18.774349, 0.000000, 0.000000
Adding box at: x=0  y=1  z=3
Center of solvent box is: 18.774349, 0.000000, -18.774349
Adding box at: x=0  y=1  z=4
Center of solvent box is: 18.774349, 0.000000, -37.548698
Adding box at: x=0  y=2  z=0
Center of solvent box is: 18.774349, -18.774349, 37.548698
Adding box at: x=0  y=2  z=1
Center of solvent box is: 18.774349, -18.774349, 18.774349
Adding box at: x=0  y=2  z=2
Center of solvent box is: 18.774349, -18.774349, 0.000000
Adding box at: x=0  y=2  z=3
Center of solvent box is: 18.774349, -18.774349, -18.774349
Adding box at: x=0  y=2  z=4
Center of solvent box is: 18.774349, -18.774349, -37.548698
Adding box at: x=1  y=0  z=0
Center of solvent box is: 0.000000, 18.774349, 37.548698
Adding box at: x=1  y=0  z=1
Center of solvent box is: 0.000000, 18.774349, 18.774349
Adding box at: x=1  y=0  z=2
Center of solvent box is: 0.000000, 18.774349, 0.000000
Adding box at: x=1  y=0  z=3
Center of solvent box is: 0.000000, 18.774349, -18.774349
Adding box at: x=1  y=0  z=4
Center of solvent box is: 0.000000, 18.774349, -37.548698
Adding box at: x=1  y=1  z=0
Center of solvent box is: 0.000000, 0.000000, 37.548698
Adding box at: x=1  y=1  z=1
Center of solvent box is: 0.000000, 0.000000, 18.774349
Adding box at: x=1  y=1  z=2
Center of solvent box is: 0.000000, 0.000000, 0.000000
Adding box at: x=1  y=1  z=3
Center of solvent box is: 0.000000, 0.000000, -18.774349
Adding box at: x=1  y=1  z=4
Center of solvent box is: 0.000000, 0.000000, -37.548698
Adding box at: x=1  y=2  z=0
Center of solvent box is: 0.000000, -18.774349, 37.548698
Adding box at: x=1  y=2  z=1
Center of solvent box is: 0.000000, -18.774349, 18.774349
Adding box at: x=1  y=2  z=2
Center of solvent box is: 0.000000, -18.774349, 0.000000
Adding box at: x=1  y=2  z=3
Center of solvent box is: 0.000000, -18.774349, -18.774349
Adding box at: x=1  y=2  z=4
Center of solvent box is: 0.000000, -18.774349, -37.548698
Adding box at: x=2  y=0  z=0
Center of solvent box is: -18.774349, 18.774349, 37.548698
Adding box at: x=2  y=0  z=1
Center of solvent box is: -18.774349, 18.774349, 18.774349
Adding box at: x=2  y=0  z=2
Center of solvent box is: -18.774349, 18.774349, 0.000000
Adding box at: x=2  y=0  z=3
Center of solvent box is: -18.774349, 18.774349, -18.774349
Adding box at: x=2  y=0  z=4
Center of solvent box is: -18.774349, 18.774349, -37.548698
Adding box at: x=2  y=1  z=0
Center of solvent box is: -18.774349, 0.000000, 37.548698
Adding box at: x=2  y=1  z=1
Center of solvent box is: -18.774349, 0.000000, 18.774349
Adding box at: x=2  y=1  z=2
Center of solvent box is: -18.774349, 0.000000, 0.000000
Adding box at: x=2  y=1  z=3
Center of solvent box is: -18.774349, 0.000000, -18.774349
Adding box at: x=2  y=1  z=4
Center of solvent box is: -18.774349, 0.000000, -37.548698
Adding box at: x=2  y=2  z=0
Center of solvent box is: -18.774349, -18.774349, 37.548698
Adding box at: x=2  y=2  z=1
Center of solvent box is: -18.774349, -18.774349, 18.774349
Adding box at: x=2  y=2  z=2
Center of solvent box is: -18.774349, -18.774349, 0.000000
Adding box at: x=2  y=2  z=3
Center of solvent box is: -18.774349, -18.774349, -18.774349
Adding box at: x=2  y=2  z=4
Center of solvent box is: -18.774349, -18.774349, -37.548698
  Total vdw box size:                   41.937 50.932 83.804 angstroms.
  Volume: 179001.884 A^3 
  Total mass 83173.240 amu,  Density 0.772 g/cc
  Added 4525 residues.
> savepdb le lewb.pdb
Writing pdb file: lewb.pdb
> le = copy le1
> solvatebox le TIP3PBOX {11.8 12 30}
  Solute vdw bounding box:              15.340 23.813 16.679
  Total bounding box for atom centers:  38.940 47.813 76.679
  Solvent unit box:                     18.774 18.774 18.774
The number of boxes:  x= 3  y= 3  z= 5
Adding box at: x=0  y=0  z=0
Center of solvent box is: 18.774349, 18.774349, 37.548698
Adding box at: x=0  y=0  z=1
Center of solvent box is: 18.774349, 18.774349, 18.774349
Adding box at: x=0  y=0  z=2
Center of solvent box is: 18.774349, 18.774349, 0.000000
Adding box at: x=0  y=0  z=3
Center of solvent box is: 18.774349, 18.774349, -18.774349
Adding box at: x=0  y=0  z=4
Center of solvent box is: 18.774349, 18.774349, -37.548698
Adding box at: x=0  y=1  z=0
Center of solvent box is: 18.774349, 0.000000, 37.548698
Adding box at: x=0  y=1  z=1
Center of solvent box is: 18.774349, 0.000000, 18.774349
Adding box at: x=0  y=1  z=2
Center of solvent box is: 18.774349, 0.000000, 0.000000
Adding box at: x=0  y=1  z=3
Center of solvent box is: 18.774349, 0.000000, -18.774349
Adding box at: x=0  y=1  z=4
Center of solvent box is: 18.774349, 0.000000, -37.548698
Adding box at: x=0  y=2  z=0
Center of solvent box is: 18.774349, -18.774349, 37.548698
Adding box at: x=0  y=2  z=1
Center of solvent box is: 18.774349, -18.774349, 18.774349
Adding box at: x=0  y=2  z=2
Center of solvent box is: 18.774349, -18.774349, 0.000000
Adding box at: x=0  y=2  z=3
Center of solvent box is: 18.774349, -18.774349, -18.774349
Adding box at: x=0  y=2  z=4
Center of solvent box is: 18.774349, -18.774349, -37.548698
Adding box at: x=1  y=0  z=0
Center of solvent box is: 0.000000, 18.774349, 37.548698
Adding box at: x=1  y=0  z=1
Center of solvent box is: 0.000000, 18.774349, 18.774349
Adding box at: x=1  y=0  z=2
Center of solvent box is: 0.000000, 18.774349, 0.000000
Adding box at: x=1  y=0  z=3
Center of solvent box is: 0.000000, 18.774349, -18.774349
Adding box at: x=1  y=0  z=4
Center of solvent box is: 0.000000, 18.774349, -37.548698
Adding box at: x=1  y=1  z=0
Center of solvent box is: 0.000000, 0.000000, 37.548698
Adding box at: x=1  y=1  z=1
Center of solvent box is: 0.000000, 0.000000, 18.774349
Adding box at: x=1  y=1  z=2
Center of solvent box is: 0.000000, 0.000000, 0.000000
Adding box at: x=1  y=1  z=3
Center of solvent box is: 0.000000, 0.000000, -18.774349
Adding box at: x=1  y=1  z=4
Center of solvent box is: 0.000000, 0.000000, -37.548698
Adding box at: x=1  y=2  z=0
Center of solvent box is: 0.000000, -18.774349, 37.548698
Adding box at: x=1  y=2  z=1
Center of solvent box is: 0.000000, -18.774349, 18.774349
Adding box at: x=1  y=2  z=2
Center of solvent box is: 0.000000, -18.774349, 0.000000
Adding box at: x=1  y=2  z=3
Center of solvent box is: 0.000000, -18.774349, -18.774349
Adding box at: x=1  y=2  z=4
Center of solvent box is: 0.000000, -18.774349, -37.548698
Adding box at: x=2  y=0  z=0
Center of solvent box is: -18.774349, 18.774349, 37.548698
Adding box at: x=2  y=0  z=1
Center of solvent box is: -18.774349, 18.774349, 18.774349
Adding box at: x=2  y=0  z=2
Center of solvent box is: -18.774349, 18.774349, 0.000000
Adding box at: x=2  y=0  z=3
Center of solvent box is: -18.774349, 18.774349, -18.774349
Adding box at: x=2  y=0  z=4
Center of solvent box is: -18.774349, 18.774349, -37.548698
Adding box at: x=2  y=1  z=0
Center of solvent box is: -18.774349, 0.000000, 37.548698
Adding box at: x=2  y=1  z=1
Center of solvent box is: -18.774349, 0.000000, 18.774349
Adding box at: x=2  y=1  z=2
Center of solvent box is: -18.774349, 0.000000, 0.000000
Adding box at: x=2  y=1  z=3
Center of solvent box is: -18.774349, 0.000000, -18.774349
Adding box at: x=2  y=1  z=4
Center of solvent box is: -18.774349, 0.000000, -37.548698
Adding box at: x=2  y=2  z=0
Center of solvent box is: -18.774349, -18.774349, 37.548698
Adding box at: x=2  y=2  z=1
Center of solvent box is: -18.774349, -18.774349, 18.774349
Adding box at: x=2  y=2  z=2
Center of solvent box is: -18.774349, -18.774349, 0.000000
Adding box at: x=2  y=2  z=3
Center of solvent box is: -18.774349, -18.774349, -18.774349
Adding box at: x=2  y=2  z=4
Center of solvent box is: -18.774349, -18.774349, -37.548698
  Total vdw box size:                   41.545 50.932 79.589 angstroms.
  Volume: 168410.555 A^3 
  Total mass 78777.336 amu,  Density 0.777 g/cc
  Added 4281 residues.
> savepdb le lewb.pdb
Writing pdb file: lewb.pdb
> le = copy le1
> solvatebox le TIP3PBOX {11.5 11.9 26}
  Solute vdw bounding box:              15.340 23.813 16.679
  Total bounding box for atom centers:  38.340 47.613 68.679
  Solvent unit box:                     18.774 18.774 18.774
The number of boxes:  x= 3  y= 3  z= 4
Adding box at: x=0  y=0  z=0
Center of solvent box is: 18.774349, 18.774349, 28.161524
Adding box at: x=0  y=0  z=1
Center of solvent box is: 18.774349, 18.774349, 9.387175
Adding box at: x=0  y=0  z=2
Center of solvent box is: 18.774349, 18.774349, -9.387175
Adding box at: x=0  y=0  z=3
Center of solvent box is: 18.774349, 18.774349, -28.161524
Adding box at: x=0  y=1  z=0
Center of solvent box is: 18.774349, 0.000000, 28.161524
Adding box at: x=0  y=1  z=1
Center of solvent box is: 18.774349, 0.000000, 9.387175
Adding box at: x=0  y=1  z=2
Center of solvent box is: 18.774349, 0.000000, -9.387175
Adding box at: x=0  y=1  z=3
Center of solvent box is: 18.774349, 0.000000, -28.161524
Adding box at: x=0  y=2  z=0
Center of solvent box is: 18.774349, -18.774349, 28.161524
Adding box at: x=0  y=2  z=1
Center of solvent box is: 18.774349, -18.774349, 9.387175
Adding box at: x=0  y=2  z=2
Center of solvent box is: 18.774349, -18.774349, -9.387175
Adding box at: x=0  y=2  z=3
Center of solvent box is: 18.774349, -18.774349, -28.161524
Adding box at: x=1  y=0  z=0
Center of solvent box is: 0.000000, 18.774349, 28.161524
Adding box at: x=1  y=0  z=1
Center of solvent box is: 0.000000, 18.774349, 9.387175
Adding box at: x=1  y=0  z=2
Center of solvent box is: 0.000000, 18.774349, -9.387175
Adding box at: x=1  y=0  z=3
Center of solvent box is: 0.000000, 18.774349, -28.161524
Adding box at: x=1  y=1  z=0
Center of solvent box is: 0.000000, 0.000000, 28.161524
Adding box at: x=1  y=1  z=1
Center of solvent box is: 0.000000, 0.000000, 9.387175
Adding box at: x=1  y=1  z=2
Center of solvent box is: 0.000000, 0.000000, -9.387175
Adding box at: x=1  y=1  z=3
Center of solvent box is: 0.000000, 0.000000, -28.161524
Adding box at: x=1  y=2  z=0
Center of solvent box is: 0.000000, -18.774349, 28.161524
Adding box at: x=1  y=2  z=1
Center of solvent box is: 0.000000, -18.774349, 9.387175
Adding box at: x=1  y=2  z=2
Center of solvent box is: 0.000000, -18.774349, -9.387175
Adding box at: x=1  y=2  z=3
Center of solvent box is: 0.000000, -18.774349, -28.161524
Adding box at: x=2  y=0  z=0
Center of solvent box is: -18.774349, 18.774349, 28.161524
Adding box at: x=2  y=0  z=1
Center of solvent box is: -18.774349, 18.774349, 9.387175
Adding box at: x=2  y=0  z=2
Center of solvent box is: -18.774349, 18.774349, -9.387175
Adding box at: x=2  y=0  z=3
Center of solvent box is: -18.774349, 18.774349, -28.161524
Adding box at: x=2  y=1  z=0
Center of solvent box is: -18.774349, 0.000000, 28.161524
Adding box at: x=2  y=1  z=1
Center of solvent box is: -18.774349, 0.000000, 9.387175
Adding box at: x=2  y=1  z=2
Center of solvent box is: -18.774349, 0.000000, -9.387175
Adding box at: x=2  y=1  z=3
Center of solvent box is: -18.774349, 0.000000, -28.161524
Adding box at: x=2  y=2  z=0
Center of solvent box is: -18.774349, -18.774349, 28.161524
Adding box at: x=2  y=2  z=1
Center of solvent box is: -18.774349, -18.774349, 9.387175
Adding box at: x=2  y=2  z=2
Center of solvent box is: -18.774349, -18.774349, -9.387175
Adding box at: x=2  y=2  z=3
Center of solvent box is: -18.774349, -18.774349, -28.161524
  Total vdw box size:                   41.123 50.932 71.778 angstroms.
  Volume: 150338.862 A^3 
  Total mass 68508.216 amu,  Density 0.757 g/cc
  Added 3711 residues.
> savepdb le lewb.pdb
Writing pdb file: lewb.pdb
> le = copy le1
> solvatebox le TIP3PBOX {11.5 11.9 25.7}
  Solute vdw bounding box:              15.340 23.813 16.679
  Total bounding box for atom centers:  38.340 47.613 68.079
  Solvent unit box:                     18.774 18.774 18.774
The number of boxes:  x= 3  y= 3  z= 4
Adding box at: x=0  y=0  z=0
Center of solvent box is: 18.774349, 18.774349, 28.161524
Adding box at: x=0  y=0  z=1
Center of solvent box is: 18.774349, 18.774349, 9.387175
Adding box at: x=0  y=0  z=2
Center of solvent box is: 18.774349, 18.774349, -9.387175
Adding box at: x=0  y=0  z=3
Center of solvent box is: 18.774349, 18.774349, -28.161524
Adding box at: x=0  y=1  z=0
Center of solvent box is: 18.774349, 0.000000, 28.161524
Adding box at: x=0  y=1  z=1
Center of solvent box is: 18.774349, 0.000000, 9.387175
Adding box at: x=0  y=1  z=2
Center of solvent box is: 18.774349, 0.000000, -9.387175
Adding box at: x=0  y=1  z=3
Center of solvent box is: 18.774349, 0.000000, -28.161524
Adding box at: x=0  y=2  z=0
Center of solvent box is: 18.774349, -18.774349, 28.161524
Adding box at: x=0  y=2  z=1
Center of solvent box is: 18.774349, -18.774349, 9.387175
Adding box at: x=0  y=2  z=2
Center of solvent box is: 18.774349, -18.774349, -9.387175
Adding box at: x=0  y=2  z=3
Center of solvent box is: 18.774349, -18.774349, -28.161524
Adding box at: x=1  y=0  z=0
Center of solvent box is: 0.000000, 18.774349, 28.161524
Adding box at: x=1  y=0  z=1
Center of solvent box is: 0.000000, 18.774349, 9.387175
Adding box at: x=1  y=0  z=2
Center of solvent box is: 0.000000, 18.774349, -9.387175
Adding box at: x=1  y=0  z=3
Center of solvent box is: 0.000000, 18.774349, -28.161524
Adding box at: x=1  y=1  z=0
Center of solvent box is: 0.000000, 0.000000, 28.161524
Adding box at: x=1  y=1  z=1
Center of solvent box is: 0.000000, 0.000000, 9.387175
Adding box at: x=1  y=1  z=2
Center of solvent box is: 0.000000, 0.000000, -9.387175
Adding box at: x=1  y=1  z=3
Center of solvent box is: 0.000000, 0.000000, -28.161524
Adding box at: x=1  y=2  z=0
Center of solvent box is: 0.000000, -18.774349, 28.161524
Adding box at: x=1  y=2  z=1
Center of solvent box is: 0.000000, -18.774349, 9.387175
Adding box at: x=1  y=2  z=2
Center of solvent box is: 0.000000, -18.774349, -9.387175
Adding box at: x=1  y=2  z=3
Center of solvent box is: 0.000000, -18.774349, -28.161524
Adding box at: x=2  y=0  z=0
Center of solvent box is: -18.774349, 18.774349, 28.161524
Adding box at: x=2  y=0  z=1
Center of solvent box is: -18.774349, 18.774349, 9.387175
Adding box at: x=2  y=0  z=2
Center of solvent box is: -18.774349, 18.774349, -9.387175
Adding box at: x=2  y=0  z=3
Center of solvent box is: -18.774349, 18.774349, -28.161524
Adding box at: x=2  y=1  z=0
Center of solvent box is: -18.774349, 0.000000, 28.161524
Adding box at: x=2  y=1  z=1
Center of solvent box is: -18.774349, 0.000000, 9.387175
Adding box at: x=2  y=1  z=2
Center of solvent box is: -18.774349, 0.000000, -9.387175
Adding box at: x=2  y=1  z=3
Center of solvent box is: -18.774349, 0.000000, -28.161524
Adding box at: x=2  y=2  z=0
Center of solvent box is: -18.774349, -18.774349, 28.161524
Adding box at: x=2  y=2  z=1
Center of solvent box is: -18.774349, -18.774349, 9.387175
Adding box at: x=2  y=2  z=2
Center of solvent box is: -18.774349, -18.774349, -9.387175
Adding box at: x=2  y=2  z=3
Center of solvent box is: -18.774349, -18.774349, -28.161524
  Total vdw box size:                   41.123 50.932 71.425 angstroms.
  Volume: 149599.745 A^3 
  Total mass 67571.384 amu,  Density 0.750 g/cc
  Added 3659 residues.
> savepdb le lewb.pdb
Writing pdb file: lewb.pdb
> le = copy le1
> solvatebox le TIP3PBOX {11.4 11.6 25.9}
  Solute vdw bounding box:              15.340 23.813 16.679
  Total bounding box for atom centers:  38.140 47.013 68.479
  Solvent unit box:                     18.774 18.774 18.774
The number of boxes:  x= 3  y= 3  z= 4
Adding box at: x=0  y=0  z=0
Center of solvent box is: 18.774349, 18.774349, 28.161524
Adding box at: x=0  y=0  z=1
Center of solvent box is: 18.774349, 18.774349, 9.387175
Adding box at: x=0  y=0  z=2
Center of solvent box is: 18.774349, 18.774349, -9.387175
Adding box at: x=0  y=0  z=3
Center of solvent box is: 18.774349, 18.774349, -28.161524
Adding box at: x=0  y=1  z=0
Center of solvent box is: 18.774349, 0.000000, 28.161524
Adding box at: x=0  y=1  z=1
Center of solvent box is: 18.774349, 0.000000, 9.387175
Adding box at: x=0  y=1  z=2
Center of solvent box is: 18.774349, 0.000000, -9.387175
Adding box at: x=0  y=1  z=3
Center of solvent box is: 18.774349, 0.000000, -28.161524
Adding box at: x=0  y=2  z=0
Center of solvent box is: 18.774349, -18.774349, 28.161524
Adding box at: x=0  y=2  z=1
Center of solvent box is: 18.774349, -18.774349, 9.387175
Adding box at: x=0  y=2  z=2
Center of solvent box is: 18.774349, -18.774349, -9.387175
Adding box at: x=0  y=2  z=3
Center of solvent box is: 18.774349, -18.774349, -28.161524
Adding box at: x=1  y=0  z=0
Center of solvent box is: 0.000000, 18.774349, 28.161524
Adding box at: x=1  y=0  z=1
Center of solvent box is: 0.000000, 18.774349, 9.387175
Adding box at: x=1  y=0  z=2
Center of solvent box is: 0.000000, 18.774349, -9.387175
Adding box at: x=1  y=0  z=3
Center of solvent box is: 0.000000, 18.774349, -28.161524
Adding box at: x=1  y=1  z=0
Center of solvent box is: 0.000000, 0.000000, 28.161524
Adding box at: x=1  y=1  z=1
Center of solvent box is: 0.000000, 0.000000, 9.387175
Adding box at: x=1  y=1  z=2
Center of solvent box is: 0.000000, 0.000000, -9.387175
Adding box at: x=1  y=1  z=3
Center of solvent box is: 0.000000, 0.000000, -28.161524
Adding box at: x=1  y=2  z=0
Center of solvent box is: 0.000000, -18.774349, 28.161524
Adding box at: x=1  y=2  z=1
Center of solvent box is: 0.000000, -18.774349, 9.387175
Adding box at: x=1  y=2  z=2
Center of solvent box is: 0.000000, -18.774349, -9.387175
Adding box at: x=1  y=2  z=3
Center of solvent box is: 0.000000, -18.774349, -28.161524
Adding box at: x=2  y=0  z=0
Center of solvent box is: -18.774349, 18.774349, 28.161524
Adding box at: x=2  y=0  z=1
Center of solvent box is: -18.774349, 18.774349, 9.387175
Adding box at: x=2  y=0  z=2
Center of solvent box is: -18.774349, 18.774349, -9.387175
Adding box at: x=2  y=0  z=3
Center of solvent box is: -18.774349, 18.774349, -28.161524
Adding box at: x=2  y=1  z=0
Center of solvent box is: -18.774349, 0.000000, 28.161524
Adding box at: x=2  y=1  z=1
Center of solvent box is: -18.774349, 0.000000, 9.387175
Adding box at: x=2  y=1  z=2
Center of solvent box is: -18.774349, 0.000000, -9.387175
Adding box at: x=2  y=1  z=3
Center of solvent box is: -18.774349, 0.000000, -28.161524
Adding box at: x=2  y=2  z=0
Center of solvent box is: -18.774349, -18.774349, 28.161524
Adding box at: x=2  y=2  z=1
Center of solvent box is: -18.774349, -18.774349, 9.387175
Adding box at: x=2  y=2  z=2
Center of solvent box is: -18.774349, -18.774349, -9.387175
Adding box at: x=2  y=2  z=3
Center of solvent box is: -18.774349, -18.774349, -28.161524
  Total vdw box size:                   41.123 50.373 71.778 angstroms.
  Volume: 148687.184 A^3 
  Total mass 67607.416 amu,  Density 0.755 g/cc
  Added 3661 residues.
> savepdb le lewb.pdb
Writing pdb file: lewb.pdb
> le = copy le1
> solvatebox le TIP3PBOX {11.3 11.5 26}
  Solute vdw bounding box:              15.340 23.813 16.679
  Total bounding box for atom centers:  37.940 46.813 68.679
  Solvent unit box:                     18.774 18.774 18.774
The number of boxes:  x= 3  y= 3  z= 4
Adding box at: x=0  y=0  z=0
Center of solvent box is: 18.774349, 18.774349, 28.161524
Adding box at: x=0  y=0  z=1
Center of solvent box is: 18.774349, 18.774349, 9.387175
Adding box at: x=0  y=0  z=2
Center of solvent box is: 18.774349, 18.774349, -9.387175
Adding box at: x=0  y=0  z=3
Center of solvent box is: 18.774349, 18.774349, -28.161524
Adding box at: x=0  y=1  z=0
Center of solvent box is: 18.774349, 0.000000, 28.161524
Adding box at: x=0  y=1  z=1
Center of solvent box is: 18.774349, 0.000000, 9.387175
Adding box at: x=0  y=1  z=2
Center of solvent box is: 18.774349, 0.000000, -9.387175
Adding box at: x=0  y=1  z=3
Center of solvent box is: 18.774349, 0.000000, -28.161524
Adding box at: x=0  y=2  z=0
Center of solvent box is: 18.774349, -18.774349, 28.161524
Adding box at: x=0  y=2  z=1
Center of solvent box is: 18.774349, -18.774349, 9.387175
Adding box at: x=0  y=2  z=2
Center of solvent box is: 18.774349, -18.774349, -9.387175
Adding box at: x=0  y=2  z=3
Center of solvent box is: 18.774349, -18.774349, -28.161524
Adding box at: x=1  y=0  z=0
Center of solvent box is: 0.000000, 18.774349, 28.161524
Adding box at: x=1  y=0  z=1
Center of solvent box is: 0.000000, 18.774349, 9.387175
Adding box at: x=1  y=0  z=2
Center of solvent box is: 0.000000, 18.774349, -9.387175
Adding box at: x=1  y=0  z=3
Center of solvent box is: 0.000000, 18.774349, -28.161524
Adding box at: x=1  y=1  z=0
Center of solvent box is: 0.000000, 0.000000, 28.161524
Adding box at: x=1  y=1  z=1
Center of solvent box is: 0.000000, 0.000000, 9.387175
Adding box at: x=1  y=1  z=2
Center of solvent box is: 0.000000, 0.000000, -9.387175
Adding box at: x=1  y=1  z=3
Center of solvent box is: 0.000000, 0.000000, -28.161524
Adding box at: x=1  y=2  z=0
Center of solvent box is: 0.000000, -18.774349, 28.161524
Adding box at: x=1  y=2  z=1
Center of solvent box is: 0.000000, -18.774349, 9.387175
Adding box at: x=1  y=2  z=2
Center of solvent box is: 0.000000, -18.774349, -9.387175
Adding box at: x=1  y=2  z=3
Center of solvent box is: 0.000000, -18.774349, -28.161524
Adding box at: x=2  y=0  z=0
Center of solvent box is: -18.774349, 18.774349, 28.161524
Adding box at: x=2  y=0  z=1
Center of solvent box is: -18.774349, 18.774349, 9.387175
Adding box at: x=2  y=0  z=2
Center of solvent box is: -18.774349, 18.774349, -9.387175
Adding box at: x=2  y=0  z=3
Center of solvent box is: -18.774349, 18.774349, -28.161524
Adding box at: x=2  y=1  z=0
Center of solvent box is: -18.774349, 0.000000, 28.161524
Adding box at: x=2  y=1  z=1
Center of solvent box is: -18.774349, 0.000000, 9.387175
Adding box at: x=2  y=1  z=2
Center of solvent box is: -18.774349, 0.000000, -9.387175
Adding box at: x=2  y=1  z=3
Center of solvent box is: -18.774349, 0.000000, -28.161524
Adding box at: x=2  y=2  z=0
Center of solvent box is: -18.774349, -18.774349, 28.161524
Adding box at: x=2  y=2  z=1
Center of solvent box is: -18.774349, -18.774349, 9.387175
Adding box at: x=2  y=2  z=2
Center of solvent box is: -18.774349, -18.774349, -9.387175
Adding box at: x=2  y=2  z=3
Center of solvent box is: -18.774349, -18.774349, -28.161524
  Total vdw box size:                   41.123 49.824 71.778 angstroms.
  Volume: 147066.856 A^3 
  Total mass 67427.256 amu,  Density 0.761 g/cc
  Added 3651 residues.
> savepdb le lewb.pdb
Writing pdb file: lewb.pdb
> le = copy le1
> solvatebox le TIP3PBOX {11.2 11.4 26.08}
  Solute vdw bounding box:              15.340 23.813 16.679
  Total bounding box for atom centers:  37.740 46.613 68.839
  Solvent unit box:                     18.774 18.774 18.774
The number of boxes:  x= 3  y= 3  z= 4
Adding box at: x=0  y=0  z=0
Center of solvent box is: 18.774349, 18.774349, 28.161524
Adding box at: x=0  y=0  z=1
Center of solvent box is: 18.774349, 18.774349, 9.387175
Adding box at: x=0  y=0  z=2
Center of solvent box is: 18.774349, 18.774349, -9.387175
Adding box at: x=0  y=0  z=3
Center of solvent box is: 18.774349, 18.774349, -28.161524
Adding box at: x=0  y=1  z=0
Center of solvent box is: 18.774349, 0.000000, 28.161524
Adding box at: x=0  y=1  z=1
Center of solvent box is: 18.774349, 0.000000, 9.387175
Adding box at: x=0  y=1  z=2
Center of solvent box is: 18.774349, 0.000000, -9.387175
Adding box at: x=0  y=1  z=3
Center of solvent box is: 18.774349, 0.000000, -28.161524
Adding box at: x=0  y=2  z=0
Center of solvent box is: 18.774349, -18.774349, 28.161524
Adding box at: x=0  y=2  z=1
Center of solvent box is: 18.774349, -18.774349, 9.387175
Adding box at: x=0  y=2  z=2
Center of solvent box is: 18.774349, -18.774349, -9.387175
Adding box at: x=0  y=2  z=3
Center of solvent box is: 18.774349, -18.774349, -28.161524
Adding box at: x=1  y=0  z=0
Center of solvent box is: 0.000000, 18.774349, 28.161524
Adding box at: x=1  y=0  z=1
Center of solvent box is: 0.000000, 18.774349, 9.387175
Adding box at: x=1  y=0  z=2
Center of solvent box is: 0.000000, 18.774349, -9.387175
Adding box at: x=1  y=0  z=3
Center of solvent box is: 0.000000, 18.774349, -28.161524
Adding box at: x=1  y=1  z=0
Center of solvent box is: 0.000000, 0.000000, 28.161524
Adding box at: x=1  y=1  z=1
Center of solvent box is: 0.000000, 0.000000, 9.387175
Adding box at: x=1  y=1  z=2
Center of solvent box is: 0.000000, 0.000000, -9.387175
Adding box at: x=1  y=1  z=3
Center of solvent box is: 0.000000, 0.000000, -28.161524
Adding box at: x=1  y=2  z=0
Center of solvent box is: 0.000000, -18.774349, 28.161524
Adding box at: x=1  y=2  z=1
Center of solvent box is: 0.000000, -18.774349, 9.387175
Adding box at: x=1  y=2  z=2
Center of solvent box is: 0.000000, -18.774349, -9.387175
Adding box at: x=1  y=2  z=3
Center of solvent box is: 0.000000, -18.774349, -28.161524
Adding box at: x=2  y=0  z=0
Center of solvent box is: -18.774349, 18.774349, 28.161524
Adding box at: x=2  y=0  z=1
Center of solvent box is: -18.774349, 18.774349, 9.387175
Adding box at: x=2  y=0  z=2
Center of solvent box is: -18.774349, 18.774349, -9.387175
Adding box at: x=2  y=0  z=3
Center of solvent box is: -18.774349, 18.774349, -28.161524
Adding box at: x=2  y=1  z=0
Center of solvent box is: -18.774349, 0.000000, 28.161524
Adding box at: x=2  y=1  z=1
Center of solvent box is: -18.774349, 0.000000, 9.387175
Adding box at: x=2  y=1  z=2
Center of solvent box is: -18.774349, 0.000000, -9.387175
Adding box at: x=2  y=1  z=3
Center of solvent box is: -18.774349, 0.000000, -28.161524
Adding box at: x=2  y=2  z=0
Center of solvent box is: -18.774349, -18.774349, 28.161524
Adding box at: x=2  y=2  z=1
Center of solvent box is: -18.774349, -18.774349, 9.387175
Adding box at: x=2  y=2  z=2
Center of solvent box is: -18.774349, -18.774349, -9.387175
Adding box at: x=2  y=2  z=3
Center of solvent box is: -18.774349, -18.774349, -28.161524
  Total vdw box size:                   41.123 49.634 72.019 angstroms.
  Volume: 147000.264 A^3 
  Total mass 67247.096 amu,  Density 0.760 g/cc
  Added 3641 residues.
> savepdb le lewb.pdb
Writing pdb file: lewb.pdb
> le = copy le1
> solvatebox le TIP3PBOX {11.18 11.35 26.05}
  Solute vdw bounding box:              15.340 23.813 16.679
  Total bounding box for atom centers:  37.700 46.513 68.779
  Solvent unit box:                     18.774 18.774 18.774
The number of boxes:  x= 3  y= 3  z= 4
Adding box at: x=0  y=0  z=0
Center of solvent box is: 18.774349, 18.774349, 28.161524
Adding box at: x=0  y=0  z=1
Center of solvent box is: 18.774349, 18.774349, 9.387175
Adding box at: x=0  y=0  z=2
Center of solvent box is: 18.774349, 18.774349, -9.387175
Adding box at: x=0  y=0  z=3
Center of solvent box is: 18.774349, 18.774349, -28.161524
Adding box at: x=0  y=1  z=0
Center of solvent box is: 18.774349, 0.000000, 28.161524
Adding box at: x=0  y=1  z=1
Center of solvent box is: 18.774349, 0.000000, 9.387175
Adding box at: x=0  y=1  z=2
Center of solvent box is: 18.774349, 0.000000, -9.387175
Adding box at: x=0  y=1  z=3
Center of solvent box is: 18.774349, 0.000000, -28.161524
Adding box at: x=0  y=2  z=0
Center of solvent box is: 18.774349, -18.774349, 28.161524
Adding box at: x=0  y=2  z=1
Center of solvent box is: 18.774349, -18.774349, 9.387175
Adding box at: x=0  y=2  z=2
Center of solvent box is: 18.774349, -18.774349, -9.387175
Adding box at: x=0  y=2  z=3
Center of solvent box is: 18.774349, -18.774349, -28.161524
Adding box at: x=1  y=0  z=0
Center of solvent box is: 0.000000, 18.774349, 28.161524
Adding box at: x=1  y=0  z=1
Center of solvent box is: 0.000000, 18.774349, 9.387175
Adding box at: x=1  y=0  z=2
Center of solvent box is: 0.000000, 18.774349, -9.387175
Adding box at: x=1  y=0  z=3
Center of solvent box is: 0.000000, 18.774349, -28.161524
Adding box at: x=1  y=1  z=0
Center of solvent box is: 0.000000, 0.000000, 28.161524
Adding box at: x=1  y=1  z=1
Center of solvent box is: 0.000000, 0.000000, 9.387175
Adding box at: x=1  y=1  z=2
Center of solvent box is: 0.000000, 0.000000, -9.387175
Adding box at: x=1  y=1  z=3
Center of solvent box is: 0.000000, 0.000000, -28.161524
Adding box at: x=1  y=2  z=0
Center of solvent box is: 0.000000, -18.774349, 28.161524
Adding box at: x=1  y=2  z=1
Center of solvent box is: 0.000000, -18.774349, 9.387175
Adding box at: x=1  y=2  z=2
Center of solvent box is: 0.000000, -18.774349, -9.387175
Adding box at: x=1  y=2  z=3
Center of solvent box is: 0.000000, -18.774349, -28.161524
Adding box at: x=2  y=0  z=0
Center of solvent box is: -18.774349, 18.774349, 28.161524
Adding box at: x=2  y=0  z=1
Center of solvent box is: -18.774349, 18.774349, 9.387175
Adding box at: x=2  y=0  z=2
Center of solvent box is: -18.774349, 18.774349, -9.387175
Adding box at: x=2  y=0  z=3
Center of solvent box is: -18.774349, 18.774349, -28.161524
Adding box at: x=2  y=1  z=0
Center of solvent box is: -18.774349, 0.000000, 28.161524
Adding box at: x=2  y=1  z=1
Center of solvent box is: -18.774349, 0.000000, 9.387175
Adding box at: x=2  y=1  z=2
Center of solvent box is: -18.774349, 0.000000, -9.387175
Adding box at: x=2  y=1  z=3
Center of solvent box is: -18.774349, 0.000000, -28.161524
Adding box at: x=2  y=2  z=0
Center of solvent box is: -18.774349, -18.774349, 28.161524
Adding box at: x=2  y=2  z=1
Center of solvent box is: -18.774349, -18.774349, 9.387175
Adding box at: x=2  y=2  z=2
Center of solvent box is: -18.774349, -18.774349, -9.387175
Adding box at: x=2  y=2  z=3
Center of solvent box is: -18.774349, -18.774349, -28.161524
  Total vdw box size:                   41.123 49.634 72.019 angstroms.
  Volume: 147000.264 A^3 
  Total mass 67193.048 amu,  Density 0.759 g/cc
  Added 3638 residues.
> savepdb le lewb.pdb
Writing pdb file: lewb.pdb
> le = copy le1
> solvatebox le TIP3PBOX {11.0 11.3 26.1}
  Solute vdw bounding box:              15.340 23.813 16.679
  Total bounding box for atom centers:  37.340 46.413 68.879
  Solvent unit box:                     18.774 18.774 18.774
The number of boxes:  x= 2  y= 3  z= 4
Adding box at: x=0  y=0  z=0
Center of solvent box is: 9.387175, 18.774349, 28.161524
Adding box at: x=0  y=0  z=1
Center of solvent box is: 9.387175, 18.774349, 9.387175
Adding box at: x=0  y=0  z=2
Center of solvent box is: 9.387175, 18.774349, -9.387175
Adding box at: x=0  y=0  z=3
Center of solvent box is: 9.387175, 18.774349, -28.161524
Adding box at: x=0  y=1  z=0
Center of solvent box is: 9.387175, 0.000000, 28.161524
Adding box at: x=0  y=1  z=1
Center of solvent box is: 9.387175, 0.000000, 9.387175
Adding box at: x=0  y=1  z=2
Center of solvent box is: 9.387175, 0.000000, -9.387175
Adding box at: x=0  y=1  z=3
Center of solvent box is: 9.387175, 0.000000, -28.161524
Adding box at: x=0  y=2  z=0
Center of solvent box is: 9.387175, -18.774349, 28.161524
Adding box at: x=0  y=2  z=1
Center of solvent box is: 9.387175, -18.774349, 9.387175
Adding box at: x=0  y=2  z=2
Center of solvent box is: 9.387175, -18.774349, -9.387175
Adding box at: x=0  y=2  z=3
Center of solvent box is: 9.387175, -18.774349, -28.161524
Adding box at: x=1  y=0  z=0
Center of solvent box is: -9.387175, 18.774349, 28.161524
Adding box at: x=1  y=0  z=1
Center of solvent box is: -9.387175, 18.774349, 9.387175
Adding box at: x=1  y=0  z=2
Center of solvent box is: -9.387175, 18.774349, -9.387175
Adding box at: x=1  y=0  z=3
Center of solvent box is: -9.387175, 18.774349, -28.161524
Adding box at: x=1  y=1  z=0
Center of solvent box is: -9.387175, 0.000000, 28.161524
Adding box at: x=1  y=1  z=1
Center of solvent box is: -9.387175, 0.000000, 9.387175
Adding box at: x=1  y=1  z=2
Center of solvent box is: -9.387175, 0.000000, -9.387175
Adding box at: x=1  y=1  z=3
Center of solvent box is: -9.387175, 0.000000, -28.161524
Adding box at: x=1  y=2  z=0
Center of solvent box is: -9.387175, -18.774349, 28.161524
Adding box at: x=1  y=2  z=1
Center of solvent box is: -9.387175, -18.774349, 9.387175
Adding box at: x=1  y=2  z=2
Center of solvent box is: -9.387175, -18.774349, -9.387175
Adding box at: x=1  y=2  z=3
Center of solvent box is: -9.387175, -18.774349, -28.161524
  Total vdw box size:                   40.176 49.285 72.019 angstroms.
  Volume: 142604.898 A^3 
  Total mass 66130.104 amu,  Density 0.770 g/cc
  Added 3579 residues.
> savepdb le lewb.pdb
Writing pdb file: lewb.pdb
> le = copy le1
> solvatebox le TIP3PBOX {10.9 11.3 26.3}
  Solute vdw bounding box:              15.340 23.813 16.679
  Total bounding box for atom centers:  37.140 46.413 69.279
  Solvent unit box:                     18.774 18.774 18.774
The number of boxes:  x= 2  y= 3  z= 4
Adding box at: x=0  y=0  z=0
Center of solvent box is: 9.387175, 18.774349, 28.161524
Adding box at: x=0  y=0  z=1
Center of solvent box is: 9.387175, 18.774349, 9.387175
Adding box at: x=0  y=0  z=2
Center of solvent box is: 9.387175, 18.774349, -9.387175
Adding box at: x=0  y=0  z=3
Center of solvent box is: 9.387175, 18.774349, -28.161524
Adding box at: x=0  y=1  z=0
Center of solvent box is: 9.387175, 0.000000, 28.161524
Adding box at: x=0  y=1  z=1
Center of solvent box is: 9.387175, 0.000000, 9.387175
Adding box at: x=0  y=1  z=2
Center of solvent box is: 9.387175, 0.000000, -9.387175
Adding box at: x=0  y=1  z=3
Center of solvent box is: 9.387175, 0.000000, -28.161524
Adding box at: x=0  y=2  z=0
Center of solvent box is: 9.387175, -18.774349, 28.161524
Adding box at: x=0  y=2  z=1
Center of solvent box is: 9.387175, -18.774349, 9.387175
Adding box at: x=0  y=2  z=2
Center of solvent box is: 9.387175, -18.774349, -9.387175
Adding box at: x=0  y=2  z=3
Center of solvent box is: 9.387175, -18.774349, -28.161524
Adding box at: x=1  y=0  z=0
Center of solvent box is: -9.387175, 18.774349, 28.161524
Adding box at: x=1  y=0  z=1
Center of solvent box is: -9.387175, 18.774349, 9.387175
Adding box at: x=1  y=0  z=2
Center of solvent box is: -9.387175, 18.774349, -9.387175
Adding box at: x=1  y=0  z=3
Center of solvent box is: -9.387175, 18.774349, -28.161524
Adding box at: x=1  y=1  z=0
Center of solvent box is: -9.387175, 0.000000, 28.161524
Adding box at: x=1  y=1  z=1
Center of solvent box is: -9.387175, 0.000000, 9.387175
Adding box at: x=1  y=1  z=2
Center of solvent box is: -9.387175, 0.000000, -9.387175
Adding box at: x=1  y=1  z=3
Center of solvent box is: -9.387175, 0.000000, -28.161524
Adding box at: x=1  y=2  z=0
Center of solvent box is: -9.387175, -18.774349, 28.161524
Adding box at: x=1  y=2  z=1
Center of solvent box is: -9.387175, -18.774349, 9.387175
Adding box at: x=1  y=2  z=2
Center of solvent box is: -9.387175, -18.774349, -9.387175
Adding box at: x=1  y=2  z=3
Center of solvent box is: -9.387175, -18.774349, -28.161524
  Total vdw box size:                   40.176 49.285 72.229 angstroms.
  Volume: 143020.296 A^3 
  Total mass 66166.136 amu,  Density 0.768 g/cc
  Added 3581 residues.
> savepdb le lewb.pdb
Writing pdb file: lewb.pdb
> le =copy le1
> solvatebox le TIP3PBOX {10.9 11.3 26.45}
  Solute vdw bounding box:              15.340 23.813 16.679
  Total bounding box for atom centers:  37.140 46.413 69.579
  Solvent unit box:                     18.774 18.774 18.774
The number of boxes:  x= 2  y= 3  z= 4
Adding box at: x=0  y=0  z=0
Center of solvent box is: 9.387175, 18.774349, 28.161524
Adding box at: x=0  y=0  z=1
Center of solvent box is: 9.387175, 18.774349, 9.387175
Adding box at: x=0  y=0  z=2
Center of solvent box is: 9.387175, 18.774349, -9.387175
Adding box at: x=0  y=0  z=3
Center of solvent box is: 9.387175, 18.774349, -28.161524
Adding box at: x=0  y=1  z=0
Center of solvent box is: 9.387175, 0.000000, 28.161524
Adding box at: x=0  y=1  z=1
Center of solvent box is: 9.387175, 0.000000, 9.387175
Adding box at: x=0  y=1  z=2
Center of solvent box is: 9.387175, 0.000000, -9.387175
Adding box at: x=0  y=1  z=3
Center of solvent box is: 9.387175, 0.000000, -28.161524
Adding box at: x=0  y=2  z=0
Center of solvent box is: 9.387175, -18.774349, 28.161524
Adding box at: x=0  y=2  z=1
Center of solvent box is: 9.387175, -18.774349, 9.387175
Adding box at: x=0  y=2  z=2
Center of solvent box is: 9.387175, -18.774349, -9.387175
Adding box at: x=0  y=2  z=3
Center of solvent box is: 9.387175, -18.774349, -28.161524
Adding box at: x=1  y=0  z=0
Center of solvent box is: -9.387175, 18.774349, 28.161524
Adding box at: x=1  y=0  z=1
Center of solvent box is: -9.387175, 18.774349, 9.387175
Adding box at: x=1  y=0  z=2
Center of solvent box is: -9.387175, 18.774349, -9.387175
Adding box at: x=1  y=0  z=3
Center of solvent box is: -9.387175, 18.774349, -28.161524
Adding box at: x=1  y=1  z=0
Center of solvent box is: -9.387175, 0.000000, 28.161524
Adding box at: x=1  y=1  z=1
Center of solvent box is: -9.387175, 0.000000, 9.387175
Adding box at: x=1  y=1  z=2
Center of solvent box is: -9.387175, 0.000000, -9.387175
Adding box at: x=1  y=1  z=3
Center of solvent box is: -9.387175, 0.000000, -28.161524
Adding box at: x=1  y=2  z=0
Center of solvent box is: -9.387175, -18.774349, 28.161524
Adding box at: x=1  y=2  z=1
Center of solvent box is: -9.387175, -18.774349, 9.387175
Adding box at: x=1  y=2  z=2
Center of solvent box is: -9.387175, -18.774349, -9.387175
Adding box at: x=1  y=2  z=3
Center of solvent box is: -9.387175, -18.774349, -28.161524
  Total vdw box size:                   40.176 49.285 72.502 angstroms.
  Volume: 143561.460 A^3 
  Total mass 66454.392 amu,  Density 0.769 g/cc
  Added 3597 residues.
> savepdb le lewb.pdb
Writing pdb file: lewb.pdb
> le = copy le1
> solvatebox le TIP3PBOX {10.9 11.3 26.6}
  Solute vdw bounding box:              15.340 23.813 16.679
  Total bounding box for atom centers:  37.140 46.413 69.879
  Solvent unit box:                     18.774 18.774 18.774
The number of boxes:  x= 2  y= 3  z= 4
Adding box at: x=0  y=0  z=0
Center of solvent box is: 9.387175, 18.774349, 28.161524
Adding box at: x=0  y=0  z=1
Center of solvent box is: 9.387175, 18.774349, 9.387175
Adding box at: x=0  y=0  z=2
Center of solvent box is: 9.387175, 18.774349, -9.387175
Adding box at: x=0  y=0  z=3
Center of solvent box is: 9.387175, 18.774349, -28.161524
Adding box at: x=0  y=1  z=0
Center of solvent box is: 9.387175, 0.000000, 28.161524
Adding box at: x=0  y=1  z=1
Center of solvent box is: 9.387175, 0.000000, 9.387175
Adding box at: x=0  y=1  z=2
Center of solvent box is: 9.387175, 0.000000, -9.387175
Adding box at: x=0  y=1  z=3
Center of solvent box is: 9.387175, 0.000000, -28.161524
Adding box at: x=0  y=2  z=0
Center of solvent box is: 9.387175, -18.774349, 28.161524
Adding box at: x=0  y=2  z=1
Center of solvent box is: 9.387175, -18.774349, 9.387175
Adding box at: x=0  y=2  z=2
Center of solvent box is: 9.387175, -18.774349, -9.387175
Adding box at: x=0  y=2  z=3
Center of solvent box is: 9.387175, -18.774349, -28.161524
Adding box at: x=1  y=0  z=0
Center of solvent box is: -9.387175, 18.774349, 28.161524
Adding box at: x=1  y=0  z=1
Center of solvent box is: -9.387175, 18.774349, 9.387175
Adding box at: x=1  y=0  z=2
Center of solvent box is: -9.387175, 18.774349, -9.387175
Adding box at: x=1  y=0  z=3
Center of solvent box is: -9.387175, 18.774349, -28.161524
Adding box at: x=1  y=1  z=0
Center of solvent box is: -9.387175, 0.000000, 28.161524
Adding box at: x=1  y=1  z=1
Center of solvent box is: -9.387175, 0.000000, 9.387175
Adding box at: x=1  y=1  z=2
Center of solvent box is: -9.387175, 0.000000, -9.387175
Adding box at: x=1  y=1  z=3
Center of solvent box is: -9.387175, 0.000000, -28.161524
Adding box at: x=1  y=2  z=0
Center of solvent box is: -9.387175, -18.774349, 28.161524
Adding box at: x=1  y=2  z=1
Center of solvent box is: -9.387175, -18.774349, 9.387175
Adding box at: x=1  y=2  z=2
Center of solvent box is: -9.387175, -18.774349, -9.387175
Adding box at: x=1  y=2  z=3
Center of solvent box is: -9.387175, -18.774349, -28.161524
  Total vdw box size:                   40.176 49.285 73.272 angstroms.
  Volume: 145085.390 A^3 
  Total mass 67157.016 amu,  Density 0.769 g/cc
  Added 3636 residues.
> savepdb le lewb.pdb
Writing pdb file: lewb.pdb
> le = copy le1
> solvatebox le TIP3PBOX {10.8 11.3 26.7}
  Solute vdw bounding box:              15.340 23.813 16.679
  Total bounding box for atom centers:  36.940 46.413 70.079
  Solvent unit box:                     18.774 18.774 18.774
The number of boxes:  x= 2  y= 3  z= 4
Adding box at: x=0  y=0  z=0
Center of solvent box is: 9.387175, 18.774349, 28.161524
Adding box at: x=0  y=0  z=1
Center of solvent box is: 9.387175, 18.774349, 9.387175
Adding box at: x=0  y=0  z=2
Center of solvent box is: 9.387175, 18.774349, -9.387175
Adding box at: x=0  y=0  z=3
Center of solvent box is: 9.387175, 18.774349, -28.161524
Adding box at: x=0  y=1  z=0
Center of solvent box is: 9.387175, 0.000000, 28.161524
Adding box at: x=0  y=1  z=1
Center of solvent box is: 9.387175, 0.000000, 9.387175
Adding box at: x=0  y=1  z=2
Center of solvent box is: 9.387175, 0.000000, -9.387175
Adding box at: x=0  y=1  z=3
Center of solvent box is: 9.387175, 0.000000, -28.161524
Adding box at: x=0  y=2  z=0
Center of solvent box is: 9.387175, -18.774349, 28.161524
Adding box at: x=0  y=2  z=1
Center of solvent box is: 9.387175, -18.774349, 9.387175
Adding box at: x=0  y=2  z=2
Center of solvent box is: 9.387175, -18.774349, -9.387175
Adding box at: x=0  y=2  z=3
Center of solvent box is: 9.387175, -18.774349, -28.161524
Adding box at: x=1  y=0  z=0
Center of solvent box is: -9.387175, 18.774349, 28.161524
Adding box at: x=1  y=0  z=1
Center of solvent box is: -9.387175, 18.774349, 9.387175
Adding box at: x=1  y=0  z=2
Center of solvent box is: -9.387175, 18.774349, -9.387175
Adding box at: x=1  y=0  z=3
Center of solvent box is: -9.387175, 18.774349, -28.161524
Adding box at: x=1  y=1  z=0
Center of solvent box is: -9.387175, 0.000000, 28.161524
Adding box at: x=1  y=1  z=1
Center of solvent box is: -9.387175, 0.000000, 9.387175
Adding box at: x=1  y=1  z=2
Center of solvent box is: -9.387175, 0.000000, -9.387175
Adding box at: x=1  y=1  z=3
Center of solvent box is: -9.387175, 0.000000, -28.161524
Adding box at: x=1  y=2  z=0
Center of solvent box is: -9.387175, -18.774349, 28.161524
Adding box at: x=1  y=2  z=1
Center of solvent box is: -9.387175, -18.774349, 9.387175
Adding box at: x=1  y=2  z=2
Center of solvent box is: -9.387175, -18.774349, -9.387175
Adding box at: x=1  y=2  z=3
Center of solvent box is: -9.387175, -18.774349, -28.161524
  Total vdw box size:                   39.806 49.285 73.272 angstroms.
  Volume: 143749.591 A^3 
  Total mass 66562.488 amu,  Density 0.769 g/cc
  Added 3603 residues.
> savepdb le lewb.pdb
Writing pdb file: lewb.pdb
> quit
	Quit
log started: Sun Aug 26 20:05:07 2012

Log file: ./leap.log
> #
> # ----- leaprc for loading the ff99SB (Hornak & Simmerling) force field
> # -----  this file is updated for PDB format 3
> #
> #	load atom type hybridizations
> #
> addAtomTypes {
> 	{ "H"   "H" "sp3" }
> 	{ "HO"  "H" "sp3" }
> 	{ "HS"  "H" "sp3" }
> 	{ "H1"  "H" "sp3" }
> 	{ "H2"  "H" "sp3" }
> 	{ "H3"  "H" "sp3" }
> 	{ "H4"  "H" "sp3" }
> 	{ "H5"  "H" "sp3" }
> 	{ "HW"  "H" "sp3" }
> 	{ "HC"  "H" "sp3" }
> 	{ "HA"  "H" "sp3" }
> 	{ "HP"  "H" "sp3" }
> 	{ "OH"  "O" "sp3" }
> 	{ "OS"  "O" "sp3" }
> 	{ "O"   "O" "sp2" }
> 	{ "O2"  "O" "sp2" }
> 	{ "OW"  "O" "sp3" }
> 	{ "CT"  "C" "sp3" }
> 	{ "CH"  "C" "sp3" }
> 	{ "C2"  "C" "sp3" }
> 	{ "C3"  "C" "sp3" }
> 	{ "C"   "C" "sp2" }
> 	{ "C*"  "C" "sp2" }
> 	{ "CA"  "C" "sp2" }
> 	{ "CB"  "C" "sp2" }
> 	{ "CC"  "C" "sp2" }
> 	{ "CN"  "C" "sp2" }
> 	{ "CM"  "C" "sp2" }
> 	{ "CK"  "C" "sp2" }
> 	{ "CQ"  "C" "sp2" }
> 	{ "CD"  "C" "sp2" }
> 	{ "CE"  "C" "sp2" }
> 	{ "CF"  "C" "sp2" }
> 	{ "CP"  "C" "sp2" }
> 	{ "CI"  "C" "sp2" }
> 	{ "CJ"  "C" "sp2" }
> 	{ "CW"  "C" "sp2" }
> 	{ "CV"  "C" "sp2" }
> 	{ "CR"  "C" "sp2" }
> 	{ "CA"  "C" "sp2" }
> 	{ "CY"  "C" "sp2" }
> 	{ "C0"  "Ca" "sp2" }
> 	{ "MG"  "Mg" "sp3" }
> 	{ "N"   "N" "sp2" }
> 	{ "NA"  "N" "sp2" }
> 	{ "N2"  "N" "sp2" }
> 	{ "N*"  "N" "sp2" }
> 	{ "NP"  "N" "sp2" }
> 	{ "NQ"  "N" "sp2" }
> 	{ "NB"  "N" "sp2" }
> 	{ "NC"  "N" "sp2" }
> 	{ "NT"  "N" "sp3" }
> 	{ "N3"  "N" "sp3" }
> 	{ "S"   "S" "sp3" }
> 	{ "SH"  "S" "sp3" }
> 	{ "P"   "P" "sp3" }
> 	{ "LP"  ""  "sp3" }
> 	{ "F"   "F" "sp3" }
> 	{ "CL"  "Cl" "sp3" }
> 	{ "BR"  "Br" "sp3" }
> 	{ "I"   "I"  "sp3" }
> 	{ "FE"  "Fe" "sp3" }
> 	{ "EP"  ""  "sp3" }
> # glycam
> 	{ "OG"  "O" "sp3" }
> 	{ "OL"  "O" "sp3" }
> 	{ "AC"  "C" "sp3" }
> 	{ "EC"  "C" "sp3" }
> }
> #
> #	Load the main parameter set.
> #
> parm99 = loadamberparams parm99.dat
Loading parameters: /home/dale/packages/amber12/dat/leap/parm/parm99.dat
Reading title:
PARM99 for DNA,RNA,AA, organic molecules, TIP3P wat. Polariz.& LP incl.02/04/99
(UNKNOWN ATOM TYPE: HZ)
(UNKNOWN ATOM TYPE: IM)
(UNKNOWN ATOM TYPE: Li)
(UNKNOWN ATOM TYPE: IP)
(UNKNOWN ATOM TYPE: K)
(UNKNOWN ATOM TYPE: Rb)
(UNKNOWN ATOM TYPE: Cs)
(UNKNOWN ATOM TYPE: Zn)
(UNKNOWN ATOM TYPE: IB)
(UNKNOWN ATOM TYPE: LP)
> frcmod99SB = loadamberparams frcmod.ff99SB
Loading parameters: /home/dale/packages/amber12/dat/leap/parm/frcmod.ff99SB
Reading force field modification type file (frcmod)
Reading title:
Modification/update of parm99.dat (Hornak & Simmerling)
> #
> #	Load DNA/RNA libraries
> #
> loadOff all_nucleic94.lib
Loading library: /home/dale/packages/amber12/dat/leap/lib/all_nucleic94.lib
Loading: DA
Loading: DA3
Loading: DA5
Loading: DAN
Loading: DC
Loading: DC3
Loading: DC5
Loading: DCN
Loading: DG
Loading: DG3
Loading: DG5
Loading: DGN
Loading: DT
Loading: DT3
Loading: DT5
Loading: DTN
Loading: RA
Loading: RA3
Loading: RA5
Loading: RAN
Loading: RC
Loading: RC3
Loading: RC5
Loading: RCN
Loading: RG
Loading: RG3
Loading: RG5
Loading: RGN
Loading: RU
Loading: RU3
Loading: RU5
Loading: RUN
> #
> #	Load main chain and terminating 
> #	amino acid libraries (i.e. ff94 libs)
> #
> loadOff all_amino94.lib
Loading library: /home/dale/packages/amber12/dat/leap/lib/all_amino94.lib
Loading: ALA
Loading: ARG
Loading: ASH
Loading: ASN
Loading: ASP
Loading: CYM
Loading: CYS
Loading: CYX
Loading: GLH
Loading: GLN
Loading: GLU
Loading: GLY
Loading: HID
Loading: HIE
Loading: HIP
Loading: ILE
Loading: LEU
Loading: LYN
Loading: LYS
Loading: MET
Loading: PHE
Loading: PRO
Loading: SER
Loading: THR
Loading: TRP
Loading: TYR
Loading: VAL
> loadOff all_aminoct94.lib
Loading library: /home/dale/packages/amber12/dat/leap/lib/all_aminoct94.lib
Loading: CALA
Loading: CARG
Loading: CASN
Loading: CASP
Loading: CCYS
Loading: CCYX
Loading: CGLN
Loading: CGLU
Loading: CGLY
Loading: CHID
Loading: CHIE
Loading: CHIP
Loading: CILE
Loading: CLEU
Loading: CLYS
Loading: CMET
Loading: CPHE
Loading: CPRO
Loading: CSER
Loading: CTHR
Loading: CTRP
Loading: CTYR
Loading: CVAL
Loading: NHE
Loading: NME
> loadOff all_aminont94.lib
Loading library: /home/dale/packages/amber12/dat/leap/lib/all_aminont94.lib
Loading: ACE
Loading: NALA
Loading: NARG
Loading: NASN
Loading: NASP
Loading: NCYS
Loading: NCYX
Loading: NGLN
Loading: NGLU
Loading: NGLY
Loading: NHID
Loading: NHIE
Loading: NHIP
Loading: NILE
Loading: NLEU
Loading: NLYS
Loading: NMET
Loading: NPHE
Loading: NPRO
Loading: NSER
Loading: NTHR
Loading: NTRP
Loading: NTYR
Loading: NVAL
> #
> #       Load water and ions
> # 
> loadOff ions94.lib
Loading library: /home/dale/packages/amber12/dat/leap/lib/ions94.lib
Loading: CIO
Loading: Cl-
Loading: Cs+
Loading: IB
Loading: K+
Loading: Li+
Loading: MG2
Loading: Na+
Loading: Rb+
> loadOff solvents.lib
Loading library: /home/dale/packages/amber12/dat/leap/lib/solvents.lib
Loading: CHCL3BOX
Loading: DC4
Loading: MEOHBOX
Loading: NMABOX
Loading: PL3
Loading: POL3BOX
Loading: QSPCFWBOX
Loading: SPC
Loading: SPCBOX
Loading: SPCFWBOX
Loading: SPF
Loading: SPG
Loading: T4E
Loading: TIP3PBOX
Loading: TIP3PFBOX
Loading: TIP4PBOX
Loading: TIP4PEWBOX
Loading: TIP5PBOX
Loading: TP3
Loading: TP4
Loading: TP5
Loading: TPF
> HOH = TP3
> WAT = TP3
> 
> #
> #	Define the PDB name map for the amino acids and DNA.
> #
> addPdbResMap {
>   { 0 "ALA" "NALA" } { 1 "ALA" "CALA" }
>   { 0 "ARG" "NARG" } { 1 "ARG" "CARG" }
>   { 0 "ASN" "NASN" } { 1 "ASN" "CASN" }
>   { 0 "ASP" "NASP" } { 1 "ASP" "CASP" }
>   { 0 "CYS" "NCYS" } { 1 "CYS" "CCYS" }
>   { 0 "CYX" "NCYX" } { 1 "CYX" "CCYX" }
>   { 0 "GLN" "NGLN" } { 1 "GLN" "CGLN" }
>   { 0 "GLU" "NGLU" } { 1 "GLU" "CGLU" }
>   { 0 "GLY" "NGLY" } { 1 "GLY" "CGLY" }
>   { 0 "HID" "NHID" } { 1 "HID" "CHID" }
>   { 0 "HIE" "NHIE" } { 1 "HIE" "CHIE" }
>   { 0 "HIP" "NHIP" } { 1 "HIP" "CHIP" }
>   { 0 "ILE" "NILE" } { 1 "ILE" "CILE" }
>   { 0 "LEU" "NLEU" } { 1 "LEU" "CLEU" }
>   { 0 "LYS" "NLYS" } { 1 "LYS" "CLYS" }
>   { 0 "MET" "NMET" } { 1 "MET" "CMET" }
>   { 0 "PHE" "NPHE" } { 1 "PHE" "CPHE" }
>   { 0 "PRO" "NPRO" } { 1 "PRO" "CPRO" }
>   { 0 "SER" "NSER" } { 1 "SER" "CSER" }
>   { 0 "THR" "NTHR" } { 1 "THR" "CTHR" }
>   { 0 "TRP" "NTRP" } { 1 "TRP" "CTRP" }
>   { 0 "TYR" "NTYR" } { 1 "TYR" "CTYR" }
>   { 0 "VAL" "NVAL" } { 1 "VAL" "CVAL" }
>   { 0 "HIS" "NHIS" } { 1 "HIS" "CHIS" }
>   { 0 "GUA" "DG5"  } { 1 "GUA" "DG3"  } { "GUA" "DG" }
>   { 0 "ADE" "DA5"  } { 1 "ADE" "DA3"  } { "ADE" "DA" }
>   { 0 "CYT" "DC5"  } { 1 "CYT" "DC3"  } { "CYT" "DC" }
>   { 0 "THY" "DT5"  } { 1 "THY" "DT3"  } { "THY" "DT" }
>   { 0 "G" "RG5"  } { 1 "G" "RG3"  } { "G" "RG" } { "GN" "RGN" }
>   { 0 "A" "RA5"  } { 1 "A" "RA3"  } { "A" "RA" } { "AN" "RAN" }
>   { 0 "C" "RC5"  } { 1 "C" "RC3"  } { "C" "RC" } { "CN" "RCN" }
>   { 0 "U" "RU5"  } { 1 "U" "RU3"  } { "U" "RU" } { "UN" "RUN" }
>   { 0 "DG" "DG5"  } { 1 "DG" "DG3"  }  
>   { 0 "DA" "DA5"  } { 1 "DA" "DA3"  }  
>   { 0 "DC" "DC5"  } { 1 "DC" "DC3"  }  
>   { 0 "DT" "DT5"  } { 1 "DT" "DT3"  }
> 
> }
> 
> addPdbAtomMap {
>   { "O5*" "O5'" }
>   { "C5*" "C5'" }
>   { "C4*" "C4'" }
>   { "O4*" "O4'" }
>   { "C3*" "C3'" }
>   { "O3*" "O3'" }
>   { "C2*" "C2'" }
>   { "C1*" "C1'" }
>   { "C5M" "C7"  }
>   { "O2*" "O2'" }
>   { "H1*" "H1'" }
>   { "H2*1" "H2'1" }
>   { "H2*2" "H2'2" }
>   { "H2'"  "H2'1" }
>   { "H2''" "H2'2" }
>   { "H3*" "H3'" }
>   { "H4*" "H4'" }
>   { "H5*1" "H5'1" }
>   { "H5*2" "H5'2" }
>   { "H5'"  "H5'1" }
>   { "H5''" "H5'2" }
>   { "HO2'" "HO'2" }
>   { "HO5'" "H5T" }
>   { "HO3'" "H3T" }
>   { "O1'" "O4'" }
>   { "OA"  "O1P" }
>   { "OB"  "O2P" }
>   { "OP1" "O1P" }
>   { "OP2" "O2P" }
> }
> 
> 
> #
> # assumed that most often proteins use HIE
> #
> NHIS = NHIE
> HIS = HIE
> CHIS = CHIE
 
> source leaprc.gaff
----- Source: /home/dale/packages/amber12/dat/leap/cmd/leaprc.gaff
----- Source of /home/dale/packages/amber12/dat/leap/cmd/leaprc.gaff done
>> logFile leap.log
log started: Sun Aug 26 20:05:24 2012

Log file: ./leap.log
>> #
>> # ----- leaprc for loading the general Amber Force field.
>> #       This file is mostly for use with Antechamber
>> #
>> #	load atom type hybridizations
>> #
>> addAtomTypes {
>> 	{ "h1"  "H" "sp3" }
>> 	{ "h2"  "H" "sp3" }
>> 	{ "h3"  "H" "sp3" }
>> 	{ "h4"  "H" "sp3" }
>> 	{ "h5"  "H" "sp3" }
>> 	{ "ha"  "H" "sp3" }
>> 	{ "hc"  "H" "sp3" }
>> 	{ "hn"  "H" "sp3" }
>> 	{ "ho"  "H" "sp3" }
>> 	{ "hp"  "H" "sp3" }
>> 	{ "hs"  "H" "sp3" }
>> 	{ "hw"  "H" "sp3" }
>> 	{ "hx"  "H" "sp3" }
>> 	{ "o"  "O" "sp2" }
>> 	{ "o2"  "O" "sp2" }
>> 	{ "oh"  "O" "sp3" }
>> 	{ "os"  "O" "sp3" }
>> 	{ "ow"  "O" "sp3" }
>> 	{ "c"  "C" "sp2" }
>> 	{ "c1"  "C" "sp2" }
>> 	{ "c2"  "C" "sp2" }
>> 	{ "c3"  "C" "sp3" }
>> 	{ "ca"  "C" "sp2" }
>> 	{ "cc"  "C" "sp2" }
>> 	{ "cd"  "C" "sp2" }
>> 	{ "ce"  "C" "sp2" }
>> 	{ "cf"  "C" "sp2" }
>> 	{ "cg"  "C" "sp2" }
>> 	{ "ch"  "C" "sp2" }
>> 	{ "cp"  "C" "sp2" }
>> 	{ "cq"  "C" "sp2" }
>> 	{ "cu"  "C" "sp2" }
>> 	{ "cv"  "C" "sp2" }
>> 	{ "cx"  "C" "sp2" }
>> 	{ "cy"  "C" "sp2" }
>> 	{ "n"   "N" "sp2" }
>> 	{ "n1"  "N" "sp2" }
>> 	{ "n2"  "N" "sp2" }
>> 	{ "n3"  "N" "sp3" }
>> 	{ "n4"  "N" "sp3" }
>> 	{ "na"  "N" "sp2" }
>> 	{ "nb"  "N" "sp2" }
>> 	{ "nc"  "N" "sp2" }
>> 	{ "nd"  "N" "sp2" }
>> 	{ "ne"  "N" "sp2" }
>> 	{ "nf"  "N" "sp2" }
>> 	{ "nh"  "N" "sp2" }
>> 	{ "no"  "N" "sp2" }
>> 	{ "s"   "S" "sp2" }
>> 	{ "s2"   "S" "sp2" }
>> 	{ "s3"   "S" "sp3" }
>> 	{ "s4"   "S" "sp3" }
>> 	{ "s6"   "S" "sp3" }
>> 	{ "sh"   "S" "sp3" }
>> 	{ "ss"   "S" "sp3" }
>> 	{ "sx"   "S" "sp3" }
>> 	{ "sy"   "S" "sp3" }
>> 	{ "p2"   "P" "sp2" }
>> 	{ "p3"   "P" "sp3" }
>> 	{ "p4"   "P" "sp3" }
>> 	{ "p5"   "P" "sp3" }
>> 	{ "pb"   "P" "sp3" }
>> 	{ "pd"   "P" "sp3" }
>> 	{ "px"   "P" "sp3" }
>> 	{ "py"   "P" "sp3" }
>> 	{ "f"   "F" "sp3" }
>> 	{ "cl"  "Cl" "sp3" }
>> 	{ "br"  "Br" "sp3" }
>> 	{ "i"   "I"  "sp3" }
>> }
>> #
>> #	Load the general force field parameter set.
>> #
>> gaff = loadamberparams gaff.dat
Loading parameters: /home/dale/packages/amber12/dat/leap/parm/gaff.dat
Reading title:
AMBER General Force Field for organic molecules (Version 1.4, March 2010) add. info. at the end
(UNKNOWN ATOM TYPE: cz)
> 
> le = loadmol2 le.mol2
Loading Mol2 file: ./le.mol2
Reading MOLECULE named SER
> loadamberparams le.frcmod
Loading parameters: ./le.frcmod
Reading force field modification type file (frcmod)
Reading title:
remark goes here
> saveamberparm le 01.vac/le1.prmtop 01.vac/le1.inpcrd
Checking Unit.
WARNING: The unperturbed charge of the unit: 1.002999 is not zero.

 -- ignoring the warning.

Building topology.
Building atom parameters.
Building bond parameters.
Building angle parameters.
Building proper torsion parameters.
Building improper torsion parameters.
 total 65 improper torsions applied
Building H-Bond parameters.
Not Marking per-residue atom chain types.
Marking per-residue atom chain types.
  (Residues lacking connect0/connect1 - 
   these don't have chain types marked:

	res	total affected

	SER	1
  )
 (no restraints)
> le1 = copy le
> solvatebox le TIP3PBOX {10.8 11.3 26.7}
  Solute vdw bounding box:              15.340 23.813 16.679
  Total bounding box for atom centers:  36.940 46.413 70.079
  Solvent unit box:                     18.774 18.774 18.774
The number of boxes:  x= 2  y= 3  z= 4
Adding box at: x=0  y=0  z=0
Center of solvent box is: 9.387175, 18.774349, 28.161524
Adding box at: x=0  y=0  z=1
Center of solvent box is: 9.387175, 18.774349, 9.387175
Adding box at: x=0  y=0  z=2
Center of solvent box is: 9.387175, 18.774349, -9.387175
Adding box at: x=0  y=0  z=3
Center of solvent box is: 9.387175, 18.774349, -28.161524
Adding box at: x=0  y=1  z=0
Center of solvent box is: 9.387175, 0.000000, 28.161524
Adding box at: x=0  y=1  z=1
Center of solvent box is: 9.387175, 0.000000, 9.387175
Adding box at: x=0  y=1  z=2
Center of solvent box is: 9.387175, 0.000000, -9.387175
Adding box at: x=0  y=1  z=3
Center of solvent box is: 9.387175, 0.000000, -28.161524
Adding box at: x=0  y=2  z=0
Center of solvent box is: 9.387175, -18.774349, 28.161524
Adding box at: x=0  y=2  z=1
Center of solvent box is: 9.387175, -18.774349, 9.387175
Adding box at: x=0  y=2  z=2
Center of solvent box is: 9.387175, -18.774349, -9.387175
Adding box at: x=0  y=2  z=3
Center of solvent box is: 9.387175, -18.774349, -28.161524
Adding box at: x=1  y=0  z=0
Center of solvent box is: -9.387175, 18.774349, 28.161524
Adding box at: x=1  y=0  z=1
Center of solvent box is: -9.387175, 18.774349, 9.387175
Adding box at: x=1  y=0  z=2
Center of solvent box is: -9.387175, 18.774349, -9.387175
Adding box at: x=1  y=0  z=3
Center of solvent box is: -9.387175, 18.774349, -28.161524
Adding box at: x=1  y=1  z=0
Center of solvent box is: -9.387175, 0.000000, 28.161524
Adding box at: x=1  y=1  z=1
Center of solvent box is: -9.387175, 0.000000, 9.387175
Adding box at: x=1  y=1  z=2
Center of solvent box is: -9.387175, 0.000000, -9.387175
Adding box at: x=1  y=1  z=3
Center of solvent box is: -9.387175, 0.000000, -28.161524
Adding box at: x=1  y=2  z=0
Center of solvent box is: -9.387175, -18.774349, 28.161524
Adding box at: x=1  y=2  z=1
Center of solvent box is: -9.387175, -18.774349, 9.387175
Adding box at: x=1  y=2  z=2
Center of solvent box is: -9.387175, -18.774349, -9.387175
Adding box at: x=1  y=2  z=3
Center of solvent box is: -9.387175, -18.774349, -28.161524
  Total vdw box size:                   39.806 49.285 73.272 angstroms.
  Volume: 143749.591 A^3 
  Total mass 66562.488 amu,  Density 0.769 g/cc
  Added 3603 residues.
> savepdb le lewb.pdb
Writing pdb file: lewb.pdb
> saveamberparm le 03.exp/lewb.prmtop 03.exp/lewb.inpcrd
Checking Unit.
WARNING: The unperturbed charge of the unit: 1.002999 is not zero.

 -- ignoring the warning.

Building topology.
Building atom parameters.
Building bond parameters.
Building angle parameters.
Building proper torsion parameters.
Building improper torsion parameters.
 total 65 improper torsions applied
Building H-Bond parameters.
Not Marking per-residue atom chain types.
Marking per-residue atom chain types.
  (Residues lacking connect0/connect1 - 
   these don't have chain types marked:

	res	total affected

	SER	1
	WAT	3603
  )
 (no restraints)
> quit
	Quit
